Using pre-set license
Built from '2021.3/staging' branch; Version is '2021.3.2f1 (d6360bedb9a0) revision 14038539'; Using compiler version '192829333'; Build Type 'Release'
OS: 'Windows 10  (10.0.19041) 64bit Core' Language: 'de' Physical Memory: 32703 MB
BatchMode: 1, IsHumanControllingUs: 0, StartBugReporterOnCrash: 0, Is64bit: 1, IsPro: 1

COMMAND LINE ARGUMENTS:
D:\Programms\Unity\2021.3.2f1\Editor\Unity.exe
-adb2
-batchMode
-noUpm
-name
AssetImportWorker0
-projectPath
D:/Intenship/Multiplier
-logFile
Logs/AssetImportWorker0.log
-srvPort
59211
Successfully changed project path to: D:/Intenship/Multiplier
D:/Intenship/Multiplier
[UnityMemory] Configuration Parameters - Can be set up in boot.config
    "memorysetup-bucket-allocator-granularity=16"
    "memorysetup-bucket-allocator-bucket-count=8"
    "memorysetup-bucket-allocator-block-size=33554432"
    "memorysetup-bucket-allocator-block-count=8"
    "memorysetup-main-allocator-block-size=16777216"
    "memorysetup-thread-allocator-block-size=16777216"
    "memorysetup-gfx-main-allocator-block-size=16777216"
    "memorysetup-gfx-thread-allocator-block-size=16777216"
    "memorysetup-cache-allocator-block-size=4194304"
    "memorysetup-typetree-allocator-block-size=2097152"
    "memorysetup-profiler-bucket-allocator-granularity=16"
    "memorysetup-profiler-bucket-allocator-bucket-count=8"
    "memorysetup-profiler-bucket-allocator-block-size=33554432"
    "memorysetup-profiler-bucket-allocator-block-count=8"
    "memorysetup-profiler-allocator-block-size=16777216"
    "memorysetup-profiler-editor-allocator-block-size=1048576"
    "memorysetup-temp-allocator-size-main=16777216"
    "memorysetup-job-temp-allocator-block-size=2097152"
    "memorysetup-job-temp-allocator-block-size-background=1048576"
    "memorysetup-job-temp-allocator-reduction-small-platforms=262144"
    "memorysetup-temp-allocator-size-background-worker=32768"
    "memorysetup-temp-allocator-size-job-worker=262144"
    "memorysetup-temp-allocator-size-preload-manager=33554432"
    "memorysetup-temp-allocator-size-nav-mesh-worker=65536"
    "memorysetup-temp-allocator-size-audio-worker=65536"
    "memorysetup-temp-allocator-size-cloud-worker=32768"
    "memorysetup-temp-allocator-size-gi-baking-worker=262144"
    "memorysetup-temp-allocator-size-gfx=262144"
Refreshing native plugins compatible for Editor in 60.46 ms, found 2 plugins.
Preloading 0 native plugins for Editor in 0.00 ms.
Initialize engine version: 2021.3.2f1 (d6360bedb9a0)
[Subsystems] Discovering subsystems at path D:/Programms/Unity/2021.3.2f1/Editor/Data/Resources/UnitySubsystems
[Subsystems] Discovering subsystems at path D:/Intenship/Multiplier/Assets
GfxDevice: creating device client; threaded=0; jobified=0
Direct3D:
    Version:  Direct3D 11.0 [level 11.1]
    Renderer: NVIDIA GeForce GTX 1060 (ID=0x1c60)
    Vendor:   NVIDIA
    VRAM:     6052 MB
    Driver:   30.0.14.7111
Initialize mono
Mono path[0] = 'D:/Programms/Unity/2021.3.2f1/Editor/Data/Managed'
Mono path[1] = 'D:/Programms/Unity/2021.3.2f1/Editor/Data/MonoBleedingEdge/lib/mono/unityjit-win32'
Mono config path = 'D:/Programms/Unity/2021.3.2f1/Editor/Data/MonoBleedingEdge/etc'
Using monoOptions --debugger-agent=transport=dt_socket,embedding=1,server=y,suspend=n,address=127.0.0.1:56244
Begin MonoManager ReloadAssembly
Registering precompiled unity dll's ...
Register platform support module: D:/Programms/Unity/2021.3.2f1/Editor/Data/PlaybackEngines/WebGLSupport/UnityEditor.WebGL.Extensions.dll
Register platform support module: D:/Programms/Unity/2021.3.2f1/Editor/Data/PlaybackEngines/AndroidPlayer/UnityEditor.Android.Extensions.dll
Register platform support module: D:/Programms/Unity/2021.3.2f1/Editor/Data/PlaybackEngines/iOSSupport/UnityEditor.iOS.Extensions.dll
Register platform support module: D:/Programms/Unity/2021.3.2f1/Editor/Data/PlaybackEngines/WindowsStandaloneSupport/UnityEditor.WindowsStandalone.Extensions.dll
Registered in 0.007928 seconds.
Native extension for WindowsStandalone target not found
[usbmuxd] Start listen thread
[usbmuxd] Listen thread started
[usbmuxd] Send listen message
Native extension for iOS target not found
Native extension for Android target not found
Native extension for WebGL target not found
Refreshing native plugins compatible for Editor in 60.04 ms, found 2 plugins.
Preloading 0 native plugins for Editor in 0.00 ms.
Mono: successfully reloaded assembly
- Completed reload, in  1.324 seconds
Domain Reload Profiling:
	ReloadAssembly (1325ms)
		BeginReloadAssembly (127ms)
			ExecutionOrderSort (0ms)
			DisableScriptedObjects (0ms)
			BackupInstance (0ms)
			ReleaseScriptingObjects (0ms)
			CreateAndSetChildDomain (1ms)
		EndReloadAssembly (980ms)
			LoadAssemblies (127ms)
			RebuildTransferFunctionScriptingTraits (0ms)
			SetupTypeCache (264ms)
			ReleaseScriptCaches (0ms)
			RebuildScriptCaches (67ms)
			SetupLoadedEditorAssemblies (538ms)
				LogAssemblyErrors (0ms)
				InitializePlatformSupportModulesInManaged (141ms)
				SetLoadedEditorAssemblies (0ms)
				RefreshPlugins (60ms)
				BeforeProcessingInitializeOnLoad (2ms)
				ProcessInitializeOnLoadAttributes (250ms)
				ProcessInitializeOnLoadMethodAttributes (83ms)
				AfterProcessingInitializeOnLoad (0ms)
				EditorAssembliesLoaded (0ms)
			ExecutionOrderSort2 (0ms)
			AwakeInstancesAfterBackupRestoration (0ms)
Platform modules already initialized, skipping
Registering precompiled user dll's ...
Registered in 0.005684 seconds.
Begin MonoManager ReloadAssembly
Native extension for WindowsStandalone target not found
Native extension for iOS target not found
Native extension for Android target not found
Native extension for WebGL target not found
Refreshing native plugins compatible for Editor in 0.56 ms, found 2 plugins.
Preloading 0 native plugins for Editor in 0.00 ms.
Mono: successfully reloaded assembly
- Completed reload, in  1.996 seconds
Domain Reload Profiling:
	ReloadAssembly (1998ms)
		BeginReloadAssembly (343ms)
			ExecutionOrderSort (0ms)
			DisableScriptedObjects (12ms)
			BackupInstance (0ms)
			ReleaseScriptingObjects (0ms)
			CreateAndSetChildDomain (139ms)
		EndReloadAssembly (1436ms)
			LoadAssemblies (138ms)
			RebuildTransferFunctionScriptingTraits (0ms)
			SetupTypeCache (426ms)
			ReleaseScriptCaches (1ms)
			RebuildScriptCaches (97ms)
			SetupLoadedEditorAssemblies (684ms)
				LogAssemblyErrors (0ms)
				InitializePlatformSupportModulesInManaged (68ms)
				SetLoadedEditorAssemblies (1ms)
				RefreshPlugins (1ms)
				BeforeProcessingInitializeOnLoad (83ms)
				ProcessInitializeOnLoadAttributes (470ms)
				ProcessInitializeOnLoadMethodAttributes (55ms)
				AfterProcessingInitializeOnLoad (6ms)
				EditorAssembliesLoaded (0ms)
			ExecutionOrderSort2 (0ms)
			AwakeInstancesAfterBackupRestoration (10ms)
Platform modules already initialized, skipping
========================================================================
Worker process is ready to serve import requests
Launched and connected shader compiler UnityShaderCompiler.exe after 0.07 seconds
Refreshing native plugins compatible for Editor in 0.70 ms, found 2 plugins.
Preloading 0 native plugins for Editor in 0.00 ms.
Unloading 1667 Unused Serialized files (Serialized files now loaded: 0)
Unloading 19 unused Assets / (47.4 KB). Loaded Objects now: 2133.
Memory consumption went from 71.6 MB to 71.6 MB.
Total: 6.980900 ms (FindLiveObjects: 0.298600 ms CreateObjectMapping: 0.184000 ms MarkObjects: 6.354900 ms  DeleteObjects: 0.141100 ms)

AssetImportParameters requested are different than current active one (requested -> active):
  custom:video-decoder-ogg-theora: a1e56fd34408186e4bbccfd4996cb3dc -> 
  custom:container-muxer-webm: aa71ff27fc2769a1b78a27578f13a17b -> 
  custom:container-demuxer-webm: 4f35f7cbe854078d1ac9338744f61a02 -> 
  custom:video-encoder-webm-vp8: eb34c28f22e8b96e1ab97ce403110664 -> 
  custom:video-codec-MediaFoundation-h265: 746d11721c4dcdbdad8f713fa42b33f4 -> 
  custom:audio-encoder-webm-vorbis: bf7c407c2cedff20999df2af8eb42d56 -> 
  custom:framework-win-MediaFoundation: 216162199b28c13a410421893ffa2e32 -> 
  custom:container-demuxer-ogg: 62fdf1f143b41e24485cea50d1cbac27 -> 
  custom:video-decoder-webm-vp8: 9c59270c3fd7afecdb556c50c9e8de78 -> 
  custom:audio-decoder-ogg-vorbis: bf7c407c2cedff20999df2af8eb42d56 -> 
========================================================================
Received Import Request.
  Time since last request: 849.554621 seconds.
  path: Assets/Scenes/SampleScene.unity
  artifactKey: Guid(9fc0d4010bbf28b4594072e72b8655ab) Importer(2089858483,934ff659095e30574adcf32a4c2f97b5)
Start importing Assets/Scenes/SampleScene.unity using Guid(9fc0d4010bbf28b4594072e72b8655ab) Importer(2089858483,934ff659095e30574adcf32a4c2f97b5) Generated GUIDs only implemented for interfaces!
 -> (artifact id: 'a098510409db5dcd3e328c79c9d0f481') in 0.133675 seconds 
========================================================================
Received Prepare
Refreshing native plugins compatible for Editor in 4.29 ms, found 2 plugins.
Preloading 0 native plugins for Editor in 0.00 ms.
Unloading 12 Unused Serialized files (Serialized files now loaded: 0)
Unloading 12 unused Assets / (21.9 KB). Loaded Objects now: 2133.
Memory consumption went from 38.2 MB to 38.2 MB.
Total: 7.358900 ms (FindLiveObjects: 0.260800 ms CreateObjectMapping: 0.192200 ms MarkObjects: 6.881800 ms  DeleteObjects: 0.022400 ms)

AssetImportParameters requested are different than current active one (requested -> active):
  custom:video-decoder-ogg-theora: a1e56fd34408186e4bbccfd4996cb3dc -> 
  custom:container-muxer-webm: aa71ff27fc2769a1b78a27578f13a17b -> 
  custom:container-demuxer-webm: 4f35f7cbe854078d1ac9338744f61a02 -> 
  custom:video-encoder-webm-vp8: eb34c28f22e8b96e1ab97ce403110664 -> 
  custom:video-codec-MediaFoundation-h265: 746d11721c4dcdbdad8f713fa42b33f4 -> 
  custom:audio-encoder-webm-vorbis: bf7c407c2cedff20999df2af8eb42d56 -> 
  custom:framework-win-MediaFoundation: 216162199b28c13a410421893ffa2e32 -> 
  custom:SearchIndexIgnoredProperties: e643bd26f0fe6173181afceb89e7c659 -> 
  custom:container-demuxer-ogg: 62fdf1f143b41e24485cea50d1cbac27 -> 
  custom:video-decoder-webm-vp8: 9c59270c3fd7afecdb556c50c9e8de78 -> 
  custom:audio-decoder-ogg-vorbis: bf7c407c2cedff20999df2af8eb42d56 -> 
========================================================================
Received Import Request.
  Time since last request: 238.913349 seconds.
  path: Assets/_TerrainAutoUpgrade/layer_GrassColorLowPolyNormal3d3aba195e4d26ee.terrainlayer
  artifactKey: Guid(81880db904382b743a52cba92ca8ca26) Importer(2089858483,934ff659095e30574adcf32a4c2f97b5)
Start importing Assets/_TerrainAutoUpgrade/layer_GrassColorLowPolyNormal3d3aba195e4d26ee.terrainlayer using Guid(81880db904382b743a52cba92ca8ca26) Importer(2089858483,934ff659095e30574adcf32a4c2f97b5) Generated GUIDs only implemented for interfaces!
 -> (artifact id: 'a56291d2564010e7fcc95427b0fdbc01') in 0.061216 seconds 
========================================================================
Received Import Request.
  Time since last request: 0.000050 seconds.
  path: Assets/FreeVegetation-LowPolyNature/FreeVegetation/Materials/TreeLeaf_1.mat
  artifactKey: Guid(22ae8ca533ae0ff45a92966006a65514) Importer(2089858483,934ff659095e30574adcf32a4c2f97b5)
Start importing Assets/FreeVegetation-LowPolyNature/FreeVegetation/Materials/TreeLeaf_1.mat using Guid(22ae8ca533ae0ff45a92966006a65514) Importer(2089858483,934ff659095e30574adcf32a4c2f97b5) Generated GUIDs only implemented for interfaces!
 -> (artifact id: 'aee660326027405a04f4ebc34d5e92a6') in 0.022748 seconds 
========================================================================
Received Import Request.
  Time since last request: 0.000037 seconds.
  path: Assets/FreeVegetation-LowPolyNature/Effects
  artifactKey: Guid(7adbf7368caf95e42bbb77b08a2414fa) Importer(2089858483,934ff659095e30574adcf32a4c2f97b5)
Start importing Assets/FreeVegetation-LowPolyNature/Effects using Guid(7adbf7368caf95e42bbb77b08a2414fa) Importer(2089858483,934ff659095e30574adcf32a4c2f97b5) Generated GUIDs only implemented for interfaces!
 -> (artifact id: '63664adf3082d684dc532dc95bde6d61') in 0.004678 seconds 
========================================================================
Received Import Request.
  Time since last request: 0.000042 seconds.
  path: Assets/FreeVegetation-LowPolyNature/Effects/Skybox.mat
  artifactKey: Guid(7c0955a843cac66449fb7754cda3fcdb) Importer(2089858483,934ff659095e30574adcf32a4c2f97b5)
Start importing Assets/FreeVegetation-LowPolyNature/Effects/Skybox.mat using Guid(7c0955a843cac66449fb7754cda3fcdb) Importer(2089858483,934ff659095e30574adcf32a4c2f97b5) Generated GUIDs only implemented for interfaces!
 -> (artifact id: 'd918772bd789ae2eb7262270b9526b45') in 0.004545 seconds 
========================================================================
Received Import Request.
  Time since last request: 0.000047 seconds.
  path: Assets/FreeVegetation-LowPolyNature/FreeVegetation/Materials/Bush_1.mat
  artifactKey: Guid(41543f25990715d47b8829388b91cd6a) Importer(2089858483,934ff659095e30574adcf32a4c2f97b5)
Start importing Assets/FreeVegetation-LowPolyNature/FreeVegetation/Materials/Bush_1.mat using Guid(41543f25990715d47b8829388b91cd6a) Importer(2089858483,934ff659095e30574adcf32a4c2f97b5) Generated GUIDs only implemented for interfaces!
 -> (artifact id: 'c16aa053189083a8b8d5667c7c69f6d5') in 0.004152 seconds 
========================================================================
Received Import Request.
  Time since last request: 0.000035 seconds.
  path: Assets/FreeVegetation-LowPolyNature/FreeVegetation/Prefabs/Grass_2_1.prefab
  artifactKey: Guid(1ddaf242dd01c744393cf9bd8a9334d1) Importer(2089858483,934ff659095e30574adcf32a4c2f97b5)
Start importing Assets/FreeVegetation-LowPolyNature/FreeVegetation/Prefabs/Grass_2_1.prefab using Guid(1ddaf242dd01c744393cf9bd8a9334d1) Importer(2089858483,934ff659095e30574adcf32a4c2f97b5) Generated GUIDs only implemented for interfaces!
 -> (artifact id: '81ef6f85a33965f955de522e446c8abe') in 0.035342 seconds 
========================================================================
Received Import Request.
  Time since last request: 0.000053 seconds.
  path: Assets/FreeVegetation-LowPolyNature
  artifactKey: Guid(30de049dae7da2a4689292391674e8d3) Importer(2089858483,934ff659095e30574adcf32a4c2f97b5)
Start importing Assets/FreeVegetation-LowPolyNature using Guid(30de049dae7da2a4689292391674e8d3) Importer(2089858483,934ff659095e30574adcf32a4c2f97b5) Generated GUIDs only implemented for interfaces!
 -> (artifact id: '440b7a431035df249a9522aa5823b290') in 0.004913 seconds 
========================================================================
Received Import Request.
  Time since last request: 0.000047 seconds.
  path: Assets/FreeVegetation-LowPolyNature/FreeVegetation/Materials/TrunkDamage_1.mat
  artifactKey: Guid(23c20ac7f6d472942a1dd905e69fc6f6) Importer(2089858483,934ff659095e30574adcf32a4c2f97b5)
Start importing Assets/FreeVegetation-LowPolyNature/FreeVegetation/Materials/TrunkDamage_1.mat using Guid(23c20ac7f6d472942a1dd905e69fc6f6) Importer(2089858483,934ff659095e30574adcf32a4c2f97b5) Generated GUIDs only implemented for interfaces!
 -> (artifact id: 'c05213de7092ab3712a3642d4301e948') in 0.005209 seconds 
========================================================================
Received Import Request.
  Time since last request: 0.000039 seconds.
  path: Assets/FreeVegetation-LowPolyNature/Effects/NaturePostProcessSetup.asset
  artifactKey: Guid(0ba42f0245cfea1468c5dd9c60521d41) Importer(2089858483,934ff659095e30574adcf32a4c2f97b5)
Start importing Assets/FreeVegetation-LowPolyNature/Effects/NaturePostProcessSetup.asset using Guid(0ba42f0245cfea1468c5dd9c60521d41) Importer(2089858483,934ff659095e30574adcf32a4c2f97b5) Generated GUIDs only implemented for interfaces!
 -> (artifact id: '8a2b7c75aa40f5672d22a356cc254ced') in 0.007607 seconds 
========================================================================
Received Import Request.
  Time since last request: 0.000042 seconds.
  path: Assets/FreeVegetation-LowPolyNature/FreeVegetation/Materials/Flower_1.mat
  artifactKey: Guid(283de1beb3aedd045a5a80e606de63c6) Importer(2089858483,934ff659095e30574adcf32a4c2f97b5)
Start importing Assets/FreeVegetation-LowPolyNature/FreeVegetation/Materials/Flower_1.mat using Guid(283de1beb3aedd045a5a80e606de63c6) Importer(2089858483,934ff659095e30574adcf32a4c2f97b5) Generated GUIDs only implemented for interfaces!
 -> (artifact id: '4320a9f981f5b96931b3a8a427da82e8') in 0.004347 seconds 
========================================================================
Received Import Request.
  Time since last request: 0.000059 seconds.
  path: Assets/FreeVegetation-LowPolyNature/FreeVegetation/Models
  artifactKey: Guid(404b72b585f845b4884931187e240179) Importer(2089858483,934ff659095e30574adcf32a4c2f97b5)
Start importing Assets/FreeVegetation-LowPolyNature/FreeVegetation/Models using Guid(404b72b585f845b4884931187e240179) Importer(2089858483,934ff659095e30574adcf32a4c2f97b5) Generated GUIDs only implemented for interfaces!
 -> (artifact id: 'd01c013814db95a729bd710625a6f17f') in 0.004234 seconds 
========================================================================
Received Import Request.
  Time since last request: 0.000042 seconds.
  path: Assets/FreeVegetation-LowPolyNature/FreeVegetation/Textures/LowPolyNormal.png
  artifactKey: Guid(82c1b4c112dc0e041bd7f131c1ab9a89) Importer(2089858483,934ff659095e30574adcf32a4c2f97b5)
Start importing Assets/FreeVegetation-LowPolyNature/FreeVegetation/Textures/LowPolyNormal.png using Guid(82c1b4c112dc0e041bd7f131c1ab9a89) Importer(2089858483,934ff659095e30574adcf32a4c2f97b5) Generated GUIDs only implemented for interfaces!
 -> (artifact id: 'd80ee21e3816be3d637234b25a38ca96') in 0.048805 seconds 
========================================================================
Received Import Request.
  Time since last request: 0.000044 seconds.
  path: Assets/FreeVegetation-LowPolyNature/FreeVegetation/Prefabs/Tree_1_2.prefab
  artifactKey: Guid(d855296cdd38f1d43a9018c918395080) Importer(2089858483,934ff659095e30574adcf32a4c2f97b5)
Start importing Assets/FreeVegetation-LowPolyNature/FreeVegetation/Prefabs/Tree_1_2.prefab using Guid(d855296cdd38f1d43a9018c918395080) Importer(2089858483,934ff659095e30574adcf32a4c2f97b5) Generated GUIDs only implemented for interfaces!
 -> (artifact id: '1c77195680b3c7c55a53c2bee191d475') in 0.008704 seconds 
========================================================================
Received Import Request.
  Time since last request: 0.000029 seconds.
  path: Assets/FreeVegetation-LowPolyNature/FreeVegetation
  artifactKey: Guid(91d8f4b4077ba1b47aad4b20f0c152e6) Importer(2089858483,934ff659095e30574adcf32a4c2f97b5)
Start importing Assets/FreeVegetation-LowPolyNature/FreeVegetation using Guid(91d8f4b4077ba1b47aad4b20f0c152e6) Importer(2089858483,934ff659095e30574adcf32a4c2f97b5) Generated GUIDs only implemented for interfaces!
 -> (artifact id: 'f12fae599e9996d399cf39325a7d66f8') in 0.005057 seconds 
========================================================================
Received Import Request.
  Time since last request: 0.000027 seconds.
  path: Assets/FreeVegetation-LowPolyNature/FreeVegetation/Models/Vegetation.fbx
  artifactKey: Guid(2072bd79c1ae41441b0d087f04e9ec49) Importer(2089858483,934ff659095e30574adcf32a4c2f97b5)
Start importing Assets/FreeVegetation-LowPolyNature/FreeVegetation/Models/Vegetation.fbx using Guid(2072bd79c1ae41441b0d087f04e9ec49) Importer(2089858483,934ff659095e30574adcf32a4c2f97b5) Generated GUIDs only implemented for interfaces!
 -> (artifact id: 'aa5a4b8ed57a1a5f076226b95abdb68e') in 0.073209 seconds 
========================================================================
Received Import Request.
  Time since last request: 0.000029 seconds.
  path: Assets/FreeVegetation-LowPolyNature/FreeVegetation/Textures
  artifactKey: Guid(f320330b1bf0fa84eafbfa88ea66e083) Importer(2089858483,934ff659095e30574adcf32a4c2f97b5)
Start importing Assets/FreeVegetation-LowPolyNature/FreeVegetation/Textures using Guid(f320330b1bf0fa84eafbfa88ea66e083) Importer(2089858483,934ff659095e30574adcf32a4c2f97b5) Generated GUIDs only implemented for interfaces!
 -> (artifact id: '58f5271c31ad351c9c66318efb6e2523') in 0.013750 seconds 
========================================================================
Received Import Request.
  Time since last request: 0.000033 seconds.
  path: Assets/FreeVegetation-LowPolyNature/FreeVegetation/Materials/Trunk_1.mat
  artifactKey: Guid(94bf847a9b88c60428243d160955ba6f) Importer(2089858483,934ff659095e30574adcf32a4c2f97b5)
Start importing Assets/FreeVegetation-LowPolyNature/FreeVegetation/Materials/Trunk_1.mat using Guid(94bf847a9b88c60428243d160955ba6f) Importer(2089858483,934ff659095e30574adcf32a4c2f97b5) Generated GUIDs only implemented for interfaces!
 -> (artifact id: 'b6d1d11347b5944f6b6a52a71e2a871c') in 0.004729 seconds 
========================================================================
Received Import Request.
  Time since last request: 0.000055 seconds.
  path: Assets/FreeVegetation-LowPolyNature/FreeVegetation/Prefabs/Bush_1_1.prefab
  artifactKey: Guid(736a3a898da8f894593c271ad73d5f1f) Importer(2089858483,934ff659095e30574adcf32a4c2f97b5)
Start importing Assets/FreeVegetation-LowPolyNature/FreeVegetation/Prefabs/Bush_1_1.prefab using Guid(736a3a898da8f894593c271ad73d5f1f) Importer(2089858483,934ff659095e30574adcf32a4c2f97b5) Generated GUIDs only implemented for interfaces!
 -> (artifact id: '1c6fe3f7c2d32901585c7df2310c03d4') in 0.005101 seconds 
========================================================================
Received Import Request.
  Time since last request: 0.000043 seconds.
  path: Assets/FreeVegetation-LowPolyNature/FreeVegetation/Prefabs/Grass_1_2.prefab
  artifactKey: Guid(729e667a67b1fbd40adbda716ae59a2e) Importer(2089858483,934ff659095e30574adcf32a4c2f97b5)
Start importing Assets/FreeVegetation-LowPolyNature/FreeVegetation/Prefabs/Grass_1_2.prefab using Guid(729e667a67b1fbd40adbda716ae59a2e) Importer(2089858483,934ff659095e30574adcf32a4c2f97b5) Generated GUIDs only implemented for interfaces!
 -> (artifact id: 'a9dbe8f45b6d97253ea3365215250f57') in 0.005085 seconds 
========================================================================
Received Import Request.
  Time since last request: 93.783872 seconds.
  path: Assets/resource_default/gage_b_fill08.png
  artifactKey: Guid(d40499526caa6e243958c6071f4d5b0f) Importer(2089858483,934ff659095e30574adcf32a4c2f97b5)
Start importing Assets/resource_default/gage_b_fill08.png using Guid(d40499526caa6e243958c6071f4d5b0f) Importer(2089858483,934ff659095e30574adcf32a4c2f97b5) Generated GUIDs only implemented for interfaces!
 -> (artifact id: '820819eb2f8afa1cd61ab781969de173') in 0.010538 seconds 
========================================================================
Received Import Request.
  Time since last request: 0.000046 seconds.
  path: Assets/resource_default/box_c_03.png
  artifactKey: Guid(4acc179c0277ddf4fa72e6d397096d84) Importer(2089858483,934ff659095e30574adcf32a4c2f97b5)
Start importing Assets/resource_default/box_c_03.png using Guid(4acc179c0277ddf4fa72e6d397096d84) Importer(2089858483,934ff659095e30574adcf32a4c2f97b5) Generated GUIDs only implemented for interfaces!
 -> (artifact id: '13eda157c1eee3811b1ddad765d2807e') in 0.016128 seconds 
========================================================================
Received Import Request.
  Time since last request: 0.000045 seconds.
  path: Assets/resource_default/gage_b_fill05.png
  artifactKey: Guid(5f800e8c23f52d9439d7929cf06cd922) Importer(2089858483,934ff659095e30574adcf32a4c2f97b5)
Start importing Assets/resource_default/gage_b_fill05.png using Guid(5f800e8c23f52d9439d7929cf06cd922) Importer(2089858483,934ff659095e30574adcf32a4c2f97b5) Generated GUIDs only implemented for interfaces!
 -> (artifact id: 'de0bd4c83ed1f953f9b44c8ea8b9bab6') in 0.004647 seconds 
========================================================================
Received Import Request.
  Time since last request: 0.000072 seconds.
  path: Assets/resource_default/box_a_03.png
  artifactKey: Guid(7cd59d7fb38a77f4ca92099e8d101b73) Importer(2089858483,934ff659095e30574adcf32a4c2f97b5)
Start importing Assets/resource_default/box_a_03.png using Guid(7cd59d7fb38a77f4ca92099e8d101b73) Importer(2089858483,934ff659095e30574adcf32a4c2f97b5) Generated GUIDs only implemented for interfaces!
 -> (artifact id: 'ad4df88006fddbbd95336dfff5af0501') in 0.005036 seconds 
========================================================================
Received Import Request.
  Time since last request: 0.000022 seconds.
  path: Assets/resource_default
  artifactKey: Guid(e6131c58805b49749b1d4099358577f7) Importer(2089858483,934ff659095e30574adcf32a4c2f97b5)
Start importing Assets/resource_default using Guid(e6131c58805b49749b1d4099358577f7) Importer(2089858483,934ff659095e30574adcf32a4c2f97b5) Generated GUIDs only implemented for interfaces!
 -> (artifact id: '101cac35a7f1e37aa3ea4fa39cddc839') in 0.003963 seconds 
========================================================================
Received Import Request.
  Time since last request: 0.000045 seconds.
  path: Assets/resource_default/innerbox_a_btn_04.png
  artifactKey: Guid(ff3db5d915c96184ea06e6aff8c7240a) Importer(2089858483,934ff659095e30574adcf32a4c2f97b5)
Start importing Assets/resource_default/innerbox_a_btn_04.png using Guid(ff3db5d915c96184ea06e6aff8c7240a) Importer(2089858483,934ff659095e30574adcf32a4c2f97b5) Generated GUIDs only implemented for interfaces!
 -> (artifact id: 'c15dfc825f09707cee891b070a7ba230') in 0.005568 seconds 
========================================================================
Received Import Request.
  Time since last request: 0.000030 seconds.
  path: Assets/resource_default/textinput_a.png
  artifactKey: Guid(e4430d406d9e002418f1d3cf864fb0ff) Importer(2089858483,934ff659095e30574adcf32a4c2f97b5)
Start importing Assets/resource_default/textinput_a.png using Guid(e4430d406d9e002418f1d3cf864fb0ff) Importer(2089858483,934ff659095e30574adcf32a4c2f97b5) Generated GUIDs only implemented for interfaces!
 -> (artifact id: '3774928122cc6f0f6a3d1551e132da9f') in 0.006173 seconds 
========================================================================
Received Import Request.
  Time since last request: 0.000040 seconds.
  path: Assets/resource_default/box_c_02.png
  artifactKey: Guid(e8def83b1cf543e4a9513f7aaa7bd953) Importer(2089858483,934ff659095e30574adcf32a4c2f97b5)
Start importing Assets/resource_default/box_c_02.png using Guid(e8def83b1cf543e4a9513f7aaa7bd953) Importer(2089858483,934ff659095e30574adcf32a4c2f97b5) Generated GUIDs only implemented for interfaces!
 -> (artifact id: '61dc2b3821eb261537ca62ea68bc4455') in 0.005062 seconds 
========================================================================
Received Import Request.
  Time since last request: 0.000046 seconds.
  path: Assets/resource_default/btn_a_red.png
  artifactKey: Guid(74976faeb568f074d9f1a4df7ca78d18) Importer(2089858483,934ff659095e30574adcf32a4c2f97b5)
Start importing Assets/resource_default/btn_a_red.png using Guid(74976faeb568f074d9f1a4df7ca78d18) Importer(2089858483,934ff659095e30574adcf32a4c2f97b5) Generated GUIDs only implemented for interfaces!
 -> (artifact id: 'dad69b26a4540b29758918290b1e0bf7') in 0.006370 seconds 
========================================================================
Received Import Request.
  Time since last request: 0.000030 seconds.
  path: Assets/resource_default/innerbox_a.png
  artifactKey: Guid(d987d57fd92b64048bbfeee60e636663) Importer(2089858483,934ff659095e30574adcf32a4c2f97b5)
Start importing Assets/resource_default/innerbox_a.png using Guid(d987d57fd92b64048bbfeee60e636663) Importer(2089858483,934ff659095e30574adcf32a4c2f97b5) Generated GUIDs only implemented for interfaces!
 -> (artifact id: '197df16b29cbe01ae0b4f3788f378ff6') in 0.004341 seconds 
========================================================================
Received Import Request.
  Time since last request: 0.000036 seconds.
  path: Assets/resource_default/gage_b_fill02.png
  artifactKey: Guid(bcb5b4fb84e360f4ab517305cc7ea5ab) Importer(2089858483,934ff659095e30574adcf32a4c2f97b5)
Start importing Assets/resource_default/gage_b_fill02.png using Guid(bcb5b4fb84e360f4ab517305cc7ea5ab) Importer(2089858483,934ff659095e30574adcf32a4c2f97b5) Generated GUIDs only implemented for interfaces!
 -> (artifact id: 'bbfb08373b0611680f5a9eddafd03abf') in 0.003984 seconds 
========================================================================
Received Import Request.
  Time since last request: 0.000040 seconds.
  path: Assets/resource_default/box_c.png
  artifactKey: Guid(7b03ca51eb13fef46ad379e25bc1bb4b) Importer(2089858483,934ff659095e30574adcf32a4c2f97b5)
Start importing Assets/resource_default/box_c.png using Guid(7b03ca51eb13fef46ad379e25bc1bb4b) Importer(2089858483,934ff659095e30574adcf32a4c2f97b5) Generated GUIDs only implemented for interfaces!
 -> (artifact id: '392920fe6688b6b1cbff4626d55535bd') in 0.005763 seconds 
========================================================================
Received Import Request.
  Time since last request: 0.000037 seconds.
  path: Assets/resource_default/innerbox_a_btn_01.png
  artifactKey: Guid(34d3404d20b7a8245b1fac6e7855b705) Importer(2089858483,934ff659095e30574adcf32a4c2f97b5)
Start importing Assets/resource_default/innerbox_a_btn_01.png using Guid(34d3404d20b7a8245b1fac6e7855b705) Importer(2089858483,934ff659095e30574adcf32a4c2f97b5) Generated GUIDs only implemented for interfaces!
 -> (artifact id: '81f984d0e09eea4bc5a3c22dd69cd216') in 0.006649 seconds 
========================================================================
Received Import Request.
  Time since last request: 0.000025 seconds.
  path: Assets/resource_default/btn_b_emerald.png
  artifactKey: Guid(e6d0e297e4512fe4b8e8fe357714a52f) Importer(2089858483,934ff659095e30574adcf32a4c2f97b5)
Start importing Assets/resource_default/btn_b_emerald.png using Guid(e6d0e297e4512fe4b8e8fe357714a52f) Importer(2089858483,934ff659095e30574adcf32a4c2f97b5) Generated GUIDs only implemented for interfaces!
 -> (artifact id: 'fc64b0362f33680a92d5b7e6d619d358') in 0.005143 seconds 
========================================================================
Received Import Request.
  Time since last request: 0.000031 seconds.
  path: Assets/resource_default/box_c_01.png
  artifactKey: Guid(2416bf88655c40c40adc903253fb2ba1) Importer(2089858483,934ff659095e30574adcf32a4c2f97b5)
Start importing Assets/resource_default/box_c_01.png using Guid(2416bf88655c40c40adc903253fb2ba1) Importer(2089858483,934ff659095e30574adcf32a4c2f97b5) Generated GUIDs only implemented for interfaces!
 -> (artifact id: '81e748608e55cb2c14aa63b05b34679e') in 0.005228 seconds 
========================================================================
Received Import Request.
  Time since last request: 0.000037 seconds.
  path: Assets/resource_default/box_a_04.png
  artifactKey: Guid(0b216ed8876b73945ad75ea6feaba010) Importer(2089858483,934ff659095e30574adcf32a4c2f97b5)
Start importing Assets/resource_default/box_a_04.png using Guid(0b216ed8876b73945ad75ea6feaba010) Importer(2089858483,934ff659095e30574adcf32a4c2f97b5) Generated GUIDs only implemented for interfaces!
 -> (artifact id: '5cc34d8bfaed5faa6f44ed096d6be5a7') in 0.005042 seconds 
========================================================================
Received Import Request.
  Time since last request: 0.000031 seconds.
  path: Assets/resource_default/btn_a_emerald.png
  artifactKey: Guid(e87e973aa97e2cf41885259822725eb5) Importer(2089858483,934ff659095e30574adcf32a4c2f97b5)
Start importing Assets/resource_default/btn_a_emerald.png using Guid(e87e973aa97e2cf41885259822725eb5) Importer(2089858483,934ff659095e30574adcf32a4c2f97b5) Generated GUIDs only implemented for interfaces!
 -> (artifact id: '5236ce33e0bcfbff9b454c7e4428ac8b') in 0.005143 seconds 
========================================================================
Received Import Request.
  Time since last request: 0.000043 seconds.
  path: Assets/resource_default/box_a.png
  artifactKey: Guid(ed3b4c75a68320349a9f4481bab4876c) Importer(2089858483,934ff659095e30574adcf32a4c2f97b5)
Start importing Assets/resource_default/box_a.png using Guid(ed3b4c75a68320349a9f4481bab4876c) Importer(2089858483,934ff659095e30574adcf32a4c2f97b5) Generated GUIDs only implemented for interfaces!
 -> (artifact id: '746be2437cb2dacca341bff35d2c09a6') in 0.004730 seconds 
========================================================================
Received Import Request.
  Time since last request: 0.000040 seconds.
  path: Assets/resource_default/btn_a_beige.png
  artifactKey: Guid(8e8051156b4decf4693f0648a48b3fc9) Importer(2089858483,934ff659095e30574adcf32a4c2f97b5)
Start importing Assets/resource_default/btn_a_beige.png using Guid(8e8051156b4decf4693f0648a48b3fc9) Importer(2089858483,934ff659095e30574adcf32a4c2f97b5) Generated GUIDs only implemented for interfaces!
 -> (artifact id: '21d90732615f299fa5758bf59d946fcb') in 0.005445 seconds 
========================================================================
Received Import Request.
  Time since last request: 0.000054 seconds.
  path: Assets/resource_default/gage_a_empty.png
  artifactKey: Guid(2a7229b8854f44e468f330c2cfe50c8d) Importer(2089858483,934ff659095e30574adcf32a4c2f97b5)
Start importing Assets/resource_default/gage_a_empty.png using Guid(2a7229b8854f44e468f330c2cfe50c8d) Importer(2089858483,934ff659095e30574adcf32a4c2f97b5) Generated GUIDs only implemented for interfaces!
 -> (artifact id: 'c4c0e6cd9e9fb656a559d645ad03308d') in 0.005547 seconds 
========================================================================
Received Import Request.
  Time since last request: 0.000032 seconds.
  path: Assets/resource_default/icon_arrowdown.png
  artifactKey: Guid(031411cfd15824643a4ccdedb8d36bc2) Importer(2089858483,934ff659095e30574adcf32a4c2f97b5)
Start importing Assets/resource_default/icon_arrowdown.png using Guid(031411cfd15824643a4ccdedb8d36bc2) Importer(2089858483,934ff659095e30574adcf32a4c2f97b5) Generated GUIDs only implemented for interfaces!
 -> (artifact id: '6ee8dc00c31dd2fd25cf65e3415dc2b4') in 0.005075 seconds 
========================================================================
Received Import Request.
  Time since last request: 0.000028 seconds.
  path: Assets/resource_default/checkbox_blank.png
  artifactKey: Guid(32f25fd44c295474483ad5f89d5863fb) Importer(2089858483,934ff659095e30574adcf32a4c2f97b5)
Start importing Assets/resource_default/checkbox_blank.png using Guid(32f25fd44c295474483ad5f89d5863fb) Importer(2089858483,934ff659095e30574adcf32a4c2f97b5) Generated GUIDs only implemented for interfaces!
 -> (artifact id: 'b4594554a7635ce826849a80af746464') in 0.005449 seconds 
========================================================================
Received Import Request.
  Time since last request: 0.000028 seconds.
  path: Assets/resource_default/btn_c_red.png
  artifactKey: Guid(dfe0f8b3b8f11c54d94569c6e1326583) Importer(2089858483,934ff659095e30574adcf32a4c2f97b5)
Start importing Assets/resource_default/btn_c_red.png using Guid(dfe0f8b3b8f11c54d94569c6e1326583) Importer(2089858483,934ff659095e30574adcf32a4c2f97b5) Generated GUIDs only implemented for interfaces!
 -> (artifact id: '2d0fa0c9dd0bfef67068e883dadf1c0c') in 0.012334 seconds 
========================================================================
Received Import Request.
  Time since last request: 0.000044 seconds.
  path: Assets/easy UI emerald - default.psd
  artifactKey: Guid(1f758ec661cd10f4b889c713e4d957cf) Importer(2089858483,934ff659095e30574adcf32a4c2f97b5)
Start importing Assets/easy UI emerald - default.psd using Guid(1f758ec661cd10f4b889c713e4d957cf) Importer(2089858483,934ff659095e30574adcf32a4c2f97b5) Generated GUIDs only implemented for interfaces!
 -> (artifact id: '31cbc8d999833cb51f0c64b798d73f04') in 0.027409 seconds 
========================================================================
Received Import Request.
  Time since last request: 0.000042 seconds.
  path: Assets/resource_default/box_b_03.png
  artifactKey: Guid(cd5efc45d507a414c81bd895a5528a0b) Importer(2089858483,934ff659095e30574adcf32a4c2f97b5)
Start importing Assets/resource_default/box_b_03.png using Guid(cd5efc45d507a414c81bd895a5528a0b) Importer(2089858483,934ff659095e30574adcf32a4c2f97b5) Generated GUIDs only implemented for interfaces!
 -> (artifact id: 'ffa2f63fb7e5a0a2946cf93c618b4b4f') in 0.005690 seconds 
========================================================================
Received Import Request.
  Time since last request: 0.000032 seconds.
  path: Assets/resource_default/gage_b_fill01.png
  artifactKey: Guid(9df81246e4df1154cb8d7410d2af7e84) Importer(2089858483,934ff659095e30574adcf32a4c2f97b5)
Start importing Assets/resource_default/gage_b_fill01.png using Guid(9df81246e4df1154cb8d7410d2af7e84) Importer(2089858483,934ff659095e30574adcf32a4c2f97b5) Generated GUIDs only implemented for interfaces!
 -> (artifact id: '6034c8fdc646f6c5d52ef06a94dd734d') in 0.006213 seconds 
========================================================================
Received Import Request.
  Time since last request: 0.000045 seconds.
  path: Assets/easy UI emerald - default.unity
  artifactKey: Guid(b1c56176553646c429757732476a41c3) Importer(2089858483,934ff659095e30574adcf32a4c2f97b5)
Start importing Assets/easy UI emerald - default.unity using Guid(b1c56176553646c429757732476a41c3) Importer(2089858483,934ff659095e30574adcf32a4c2f97b5) Generated GUIDs only implemented for interfaces!
 -> (artifact id: '049bd0663e8b72dfd632ca03d6166607') in 0.004218 seconds 
========================================================================
Received Import Request.
  Time since last request: 156.965036 seconds.
  path: Assets/easy UI emerald - default.psd
  artifactKey: Guid(1f758ec661cd10f4b889c713e4d957cf) Importer(815301076,1909f56bfc062723c751e8b465ee728b)
Start importing Assets/easy UI emerald - default.psd using Guid(1f758ec661cd10f4b889c713e4d957cf) Importer(815301076,1909f56bfc062723c751e8b465ee728b)  -> (artifact id: '99f2168bd2893932c02c6384b21c50e3') in 0.370957 seconds 
========================================================================
Received Import Request.
  Time since last request: 84.863140 seconds.
  path: Packages/com.unity.ugui/package.json
  artifactKey: Guid(319b8889f363f5947acf209c17a94149) Importer(815301076,1909f56bfc062723c751e8b465ee728b)
Start importing Packages/com.unity.ugui/package.json using Guid(319b8889f363f5947acf209c17a94149) Importer(815301076,1909f56bfc062723c751e8b465ee728b)  -> (artifact id: '1002360e272cf591a214daa5cb5c75f8') in 0.013017 seconds 
========================================================================
Received Import Request.
  Time since last request: 22.512171 seconds.
  path: Assets/resource_default/box_a.png
  artifactKey: Guid(ed3b4c75a68320349a9f4481bab4876c) Importer(815301076,1909f56bfc062723c751e8b465ee728b)
Start importing Assets/resource_default/box_a.png using Guid(ed3b4c75a68320349a9f4481bab4876c) Importer(815301076,1909f56bfc062723c751e8b465ee728b)  -> (artifact id: '1ede26a38d9a62d421a352643ff7bd32') in 0.019866 seconds 
========================================================================
Received Import Request.
  Time since last request: 0.000056 seconds.
  path: Assets/resource_default/box_c_02.png
  artifactKey: Guid(e8def83b1cf543e4a9513f7aaa7bd953) Importer(815301076,1909f56bfc062723c751e8b465ee728b)
Start importing Assets/resource_default/box_c_02.png using Guid(e8def83b1cf543e4a9513f7aaa7bd953) Importer(815301076,1909f56bfc062723c751e8b465ee728b)  -> (artifact id: 'bff661cb3e9c5d3af6e5588a9d978f7e') in 0.015993 seconds 
========================================================================
Received Import Request.
  Time since last request: 0.000060 seconds.
  path: Assets/resource_default/box_a_03.png
  artifactKey: Guid(7cd59d7fb38a77f4ca92099e8d101b73) Importer(815301076,1909f56bfc062723c751e8b465ee728b)
Start importing Assets/resource_default/box_a_03.png using Guid(7cd59d7fb38a77f4ca92099e8d101b73) Importer(815301076,1909f56bfc062723c751e8b465ee728b)  -> (artifact id: '76dab431ddeef1e5eee54b2ffa13d6f6') in 0.029521 seconds 
========================================================================
Received Import Request.
  Time since last request: 0.000047 seconds.
  path: Assets/resource_default/point_beige.png
  artifactKey: Guid(e73dd9c018a08e74e9e3b6b52eba48b4) Importer(815301076,1909f56bfc062723c751e8b465ee728b)
Start importing Assets/resource_default/point_beige.png using Guid(e73dd9c018a08e74e9e3b6b52eba48b4) Importer(815301076,1909f56bfc062723c751e8b465ee728b)  -> (artifact id: '7ef48c7353057b0c1eb6238f58ed4d1a') in 0.019465 seconds 
========================================================================
Received Import Request.
  Time since last request: 0.000034 seconds.
  path: Assets/resource_default/btn_c_emerald.png
  artifactKey: Guid(7017830725262a140b5d8a3d39a0b11a) Importer(815301076,1909f56bfc062723c751e8b465ee728b)
Start importing Assets/resource_default/btn_c_emerald.png using Guid(7017830725262a140b5d8a3d39a0b11a) Importer(815301076,1909f56bfc062723c751e8b465ee728b)  -> (artifact id: '0b53018ee8c7f45052cf16efc5d91760') in 0.018901 seconds 
========================================================================
Received Import Request.
  Time since last request: 0.000033 seconds.
  path: Assets/resource_default/btn_c_beige.png
  artifactKey: Guid(9c0068a62e7a92d40824e0b03460035a) Importer(815301076,1909f56bfc062723c751e8b465ee728b)
Start importing Assets/resource_default/btn_c_beige.png using Guid(9c0068a62e7a92d40824e0b03460035a) Importer(815301076,1909f56bfc062723c751e8b465ee728b)  -> (artifact id: '930fd537e9ed08e2a431a29e032d05ed') in 0.015137 seconds 
========================================================================
Received Import Request.
  Time since last request: 0.000022 seconds.
  path: Assets/resource_default/gage_b_fill01.png
  artifactKey: Guid(9df81246e4df1154cb8d7410d2af7e84) Importer(815301076,1909f56bfc062723c751e8b465ee728b)
Start importing Assets/resource_default/gage_b_fill01.png using Guid(9df81246e4df1154cb8d7410d2af7e84) Importer(815301076,1909f56bfc062723c751e8b465ee728b)  -> (artifact id: '76eeb1fbf7e124c2d96680986a6e7afa') in 0.014892 seconds 
========================================================================
Received Import Request.
  Time since last request: 0.000029 seconds.
  path: Assets/resource_default/gage_b_fill02.png
  artifactKey: Guid(bcb5b4fb84e360f4ab517305cc7ea5ab) Importer(815301076,1909f56bfc062723c751e8b465ee728b)
Start importing Assets/resource_default/gage_b_fill02.png using Guid(bcb5b4fb84e360f4ab517305cc7ea5ab) Importer(815301076,1909f56bfc062723c751e8b465ee728b)  -> (artifact id: '4bde9217a0f75dbc7a827f2fd52ae2ea') in 0.015037 seconds 
========================================================================
Received Import Request.
  Time since last request: 0.000026 seconds.
  path: Assets/resource_default/gage_b_fill04.png
  artifactKey: Guid(74eea1e5ac116724fad3c1971b35589c) Importer(815301076,1909f56bfc062723c751e8b465ee728b)
Start importing Assets/resource_default/gage_b_fill04.png using Guid(74eea1e5ac116724fad3c1971b35589c) Importer(815301076,1909f56bfc062723c751e8b465ee728b)  -> (artifact id: 'f88a64ad4322a9e8d984cc7f0e51091c') in 0.013097 seconds 
========================================================================
Received Import Request.
  Time since last request: 0.000051 seconds.
  path: Assets/resource_default/radio_check.png
  artifactKey: Guid(df907ac5977a0d543a06e726893e2c9e) Importer(815301076,1909f56bfc062723c751e8b465ee728b)
Start importing Assets/resource_default/radio_check.png using Guid(df907ac5977a0d543a06e726893e2c9e) Importer(815301076,1909f56bfc062723c751e8b465ee728b)  -> (artifact id: 'da7ecd376c80b5631f639d981f56dae1') in 0.016069 seconds 
========================================================================
Received Import Request.
  Time since last request: 0.000032 seconds.
  path: Assets/resource_default/divider_a.png
  artifactKey: Guid(e460759783bc11a40b0b706688151e1e) Importer(815301076,1909f56bfc062723c751e8b465ee728b)
Start importing Assets/resource_default/divider_a.png using Guid(e460759783bc11a40b0b706688151e1e) Importer(815301076,1909f56bfc062723c751e8b465ee728b)  -> (artifact id: '76906b1d305edf4b0362b480bb191349') in 0.013809 seconds 
========================================================================
Received Import Request.
  Time since last request: 0.000048 seconds.
  path: Assets/resource_default/box_b_01.png
  artifactKey: Guid(a4b88956494e64a4a896b1e2e09d76aa) Importer(815301076,1909f56bfc062723c751e8b465ee728b)
Start importing Assets/resource_default/box_b_01.png using Guid(a4b88956494e64a4a896b1e2e09d76aa) Importer(815301076,1909f56bfc062723c751e8b465ee728b)  -> (artifact id: '77d1d145da0c41daf290249d62279ab0') in 0.016189 seconds 
========================================================================
Received Import Request.
  Time since last request: 0.000035 seconds.
  path: Assets/resource_default/btn_c_red.png
  artifactKey: Guid(dfe0f8b3b8f11c54d94569c6e1326583) Importer(815301076,1909f56bfc062723c751e8b465ee728b)
Start importing Assets/resource_default/btn_c_red.png using Guid(dfe0f8b3b8f11c54d94569c6e1326583) Importer(815301076,1909f56bfc062723c751e8b465ee728b)  -> (artifact id: 'abb74f7ceb3d1ce611c6ae51fca47098') in 0.016439 seconds 
========================================================================
Received Import Request.
  Time since last request: 0.000036 seconds.
  path: Assets/resource_default/gage_b_fill_progress.png
  artifactKey: Guid(3ce5d913607d46846a0812d1b479e3d5) Importer(815301076,1909f56bfc062723c751e8b465ee728b)
Start importing Assets/resource_default/gage_b_fill_progress.png using Guid(3ce5d913607d46846a0812d1b479e3d5) Importer(815301076,1909f56bfc062723c751e8b465ee728b)  -> (artifact id: 'bcee73d3bb407cd235b5a46e18a7e7ee') in 0.029874 seconds 
========================================================================
Received Import Request.
  Time since last request: 0.000052 seconds.
  path: Assets/resource_default/gage_b_fill06.png
  artifactKey: Guid(9e2d10e868bfcc2459840cd98bcfde42) Importer(815301076,1909f56bfc062723c751e8b465ee728b)
Start importing Assets/resource_default/gage_b_fill06.png using Guid(9e2d10e868bfcc2459840cd98bcfde42) Importer(815301076,1909f56bfc062723c751e8b465ee728b)  -> (artifact id: '2ac87c20e79eb3315772704459ca7d2d') in 0.015082 seconds 
========================================================================
Received Import Request.
  Time since last request: 0.000034 seconds.
  path: Assets/resource_default/btn_b_beige.png
  artifactKey: Guid(57910dcde21e44c48b55d6eb96005e38) Importer(815301076,1909f56bfc062723c751e8b465ee728b)
Start importing Assets/resource_default/btn_b_beige.png using Guid(57910dcde21e44c48b55d6eb96005e38) Importer(815301076,1909f56bfc062723c751e8b465ee728b)  -> (artifact id: '08fc2df789ba7b65a10ae05750066397') in 0.020546 seconds 
========================================================================
Received Import Request.
  Time since last request: 0.000029 seconds.
  path: Assets/resource_default/box_c_03.png
  artifactKey: Guid(4acc179c0277ddf4fa72e6d397096d84) Importer(815301076,1909f56bfc062723c751e8b465ee728b)
Start importing Assets/resource_default/box_c_03.png using Guid(4acc179c0277ddf4fa72e6d397096d84) Importer(815301076,1909f56bfc062723c751e8b465ee728b)  -> (artifact id: '2950dda8d464f15776e0703860133ad2') in 0.014606 seconds 
========================================================================
Received Import Request.
  Time since last request: 0.000027 seconds.
  path: Assets/resource_default/checkbox_blank.png
  artifactKey: Guid(32f25fd44c295474483ad5f89d5863fb) Importer(815301076,1909f56bfc062723c751e8b465ee728b)
Start importing Assets/resource_default/checkbox_blank.png using Guid(32f25fd44c295474483ad5f89d5863fb) Importer(815301076,1909f56bfc062723c751e8b465ee728b)  -> (artifact id: 'fca241e45b049403fbe7869c0be11df8') in 0.016481 seconds 
========================================================================
Received Import Request.
  Time since last request: 0.000029 seconds.
  path: Assets/resource_default/checkbox_check.png
  artifactKey: Guid(43e17fb59bccf0748b04cccfc220a522) Importer(815301076,1909f56bfc062723c751e8b465ee728b)
Start importing Assets/resource_default/checkbox_check.png using Guid(43e17fb59bccf0748b04cccfc220a522) Importer(815301076,1909f56bfc062723c751e8b465ee728b)  -> (artifact id: 'd1f5039f6d192c858fdcfce50b87204d') in 0.013630 seconds 
========================================================================
Received Import Request.
  Time since last request: 0.000022 seconds.
  path: Assets/resource_default/box_b_04.png
  artifactKey: Guid(47b0b6ed20592d74ba2a6d517e877ad2) Importer(815301076,1909f56bfc062723c751e8b465ee728b)
Start importing Assets/resource_default/box_b_04.png using Guid(47b0b6ed20592d74ba2a6d517e877ad2) Importer(815301076,1909f56bfc062723c751e8b465ee728b)  -> (artifact id: 'b898e03910d493be2b84e708937498a1') in 0.014084 seconds 
========================================================================
Received Import Request.
  Time since last request: 0.000085 seconds.
  path: Assets/resource_default/btn_b_grey.png
  artifactKey: Guid(d7d480a22b9c1f64bb6d748bf353e45b) Importer(815301076,1909f56bfc062723c751e8b465ee728b)
Start importing Assets/resource_default/btn_b_grey.png using Guid(d7d480a22b9c1f64bb6d748bf353e45b) Importer(815301076,1909f56bfc062723c751e8b465ee728b)  -> (artifact id: 'b4a32d2b18f5705301f2e2112661bc67') in 0.017046 seconds 
========================================================================
Received Import Request.
  Time since last request: 0.000036 seconds.
  path: Assets/resource_default/btn_b_emerald.png
  artifactKey: Guid(e6d0e297e4512fe4b8e8fe357714a52f) Importer(815301076,1909f56bfc062723c751e8b465ee728b)
Start importing Assets/resource_default/btn_b_emerald.png using Guid(e6d0e297e4512fe4b8e8fe357714a52f) Importer(815301076,1909f56bfc062723c751e8b465ee728b)  -> (artifact id: '0cce98d4d38f322106f871fae05575a2') in 0.017088 seconds 
========================================================================
Received Import Request.
  Time since last request: 0.000044 seconds.
  path: Assets/resource_default/innerbox_a_btn_04.png
  artifactKey: Guid(ff3db5d915c96184ea06e6aff8c7240a) Importer(815301076,1909f56bfc062723c751e8b465ee728b)
Start importing Assets/resource_default/innerbox_a_btn_04.png using Guid(ff3db5d915c96184ea06e6aff8c7240a) Importer(815301076,1909f56bfc062723c751e8b465ee728b)  -> (artifact id: '917de23b975a4ff25e63cf829d33a71b') in 0.011886 seconds 
========================================================================
Received Import Request.
  Time since last request: 0.000036 seconds.
  path: Assets/resource_default/btn_a_emerald.png
  artifactKey: Guid(e87e973aa97e2cf41885259822725eb5) Importer(815301076,1909f56bfc062723c751e8b465ee728b)
Start importing Assets/resource_default/btn_a_emerald.png using Guid(e87e973aa97e2cf41885259822725eb5) Importer(815301076,1909f56bfc062723c751e8b465ee728b)  -> (artifact id: '5694e244d294f6e349f0fb34af15d065') in 0.022372 seconds 
========================================================================
Received Import Request.
  Time since last request: 0.000032 seconds.
  path: Assets/resource_default/btn_a_beige.png
  artifactKey: Guid(8e8051156b4decf4693f0648a48b3fc9) Importer(815301076,1909f56bfc062723c751e8b465ee728b)
Start importing Assets/resource_default/btn_a_beige.png using Guid(8e8051156b4decf4693f0648a48b3fc9) Importer(815301076,1909f56bfc062723c751e8b465ee728b)  -> (artifact id: '145bb687f1828b94a66a2bf838ff6a44') in 0.027162 seconds 
========================================================================
Received Import Request.
  Time since last request: 0.000037 seconds.
  path: Assets/resource_default/textinput_a.png
  artifactKey: Guid(e4430d406d9e002418f1d3cf864fb0ff) Importer(815301076,1909f56bfc062723c751e8b465ee728b)
Start importing Assets/resource_default/textinput_a.png using Guid(e4430d406d9e002418f1d3cf864fb0ff) Importer(815301076,1909f56bfc062723c751e8b465ee728b)  -> (artifact id: 'b71b55fc9de2e347c4307811db40addf') in 0.014733 seconds 
========================================================================
Received Import Request.
  Time since last request: 0.000042 seconds.
  path: Assets/resource_default/btn_b_red.png
  artifactKey: Guid(0a1a18af546cb004db55d57b6559928b) Importer(815301076,1909f56bfc062723c751e8b465ee728b)
Start importing Assets/resource_default/btn_b_red.png using Guid(0a1a18af546cb004db55d57b6559928b) Importer(815301076,1909f56bfc062723c751e8b465ee728b)  -> (artifact id: '8054bc7b9e51b1fceef84cfce35aa05b') in 0.017594 seconds 
========================================================================
Received Import Request.
  Time since last request: 0.000050 seconds.
  path: Assets/resource_default/btn_c_grey.png
  artifactKey: Guid(6e66bb159c14d844580544244bf0d9d5) Importer(815301076,1909f56bfc062723c751e8b465ee728b)
Start importing Assets/resource_default/btn_c_grey.png using Guid(6e66bb159c14d844580544244bf0d9d5) Importer(815301076,1909f56bfc062723c751e8b465ee728b)  -> (artifact id: 'f12581cd0cf648c7a4581398d78cbfa7') in 0.014997 seconds 
========================================================================
Received Import Request.
  Time since last request: 0.000032 seconds.
  path: Assets/resource_default/box_b_03.png
  artifactKey: Guid(cd5efc45d507a414c81bd895a5528a0b) Importer(815301076,1909f56bfc062723c751e8b465ee728b)
Start importing Assets/resource_default/box_b_03.png using Guid(cd5efc45d507a414c81bd895a5528a0b) Importer(815301076,1909f56bfc062723c751e8b465ee728b)  -> (artifact id: '6f2ff5e3c5e22f4fae53c62ae19273d7') in 0.017795 seconds 
========================================================================
Received Import Request.
  Time since last request: 18.866783 seconds.
  path: Assets/_TerrainAutoUpgrade/layer_GrassColorLowPolyNormal3d3aba195e4d26ee.terrainlayer
  artifactKey: Guid(81880db904382b743a52cba92ca8ca26) Importer(815301076,1909f56bfc062723c751e8b465ee728b)
Start importing Assets/_TerrainAutoUpgrade/layer_GrassColorLowPolyNormal3d3aba195e4d26ee.terrainlayer using Guid(81880db904382b743a52cba92ca8ca26) Importer(815301076,1909f56bfc062723c751e8b465ee728b)  -> (artifact id: 'f6a4c3c7f707cd71945a5d3b99b6561c') in 0.020338 seconds 
========================================================================
Received Import Request.
  Time since last request: 3.511746 seconds.
  path: Assets/FreeVegetation-LowPolyNature/Demo/Terrain.asset
  artifactKey: Guid(b7b0c130a920d7545911531cd6112294) Importer(815301076,1909f56bfc062723c751e8b465ee728b)
Start importing Assets/FreeVegetation-LowPolyNature/Demo/Terrain.asset using Guid(b7b0c130a920d7545911531cd6112294) Importer(815301076,1909f56bfc062723c751e8b465ee728b)  -> (artifact id: '3caa77cf878b00d09323c1e6cea22c0a') in 0.190039 seconds 
========================================================================
Received Import Request.
  Time since last request: 23.746239 seconds.
  path: Assets/FreeVegetation-LowPolyNature/Effects/NaturePostProcessSetup.asset
  artifactKey: Guid(0ba42f0245cfea1468c5dd9c60521d41) Importer(815301076,1909f56bfc062723c751e8b465ee728b)
Start importing Assets/FreeVegetation-LowPolyNature/Effects/NaturePostProcessSetup.asset using Guid(0ba42f0245cfea1468c5dd9c60521d41) Importer(815301076,1909f56bfc062723c751e8b465ee728b)  -> (artifact id: '47667c388fd2c4f047675c21be5ba13b') in 0.003299 seconds 
========================================================================
Received Import Request.
  Time since last request: 4.623246 seconds.
  path: Assets/FreeVegetation-LowPolyNature/FreeVegetation/Models/Vegetation.fbx
  artifactKey: Guid(2072bd79c1ae41441b0d087f04e9ec49) Importer(815301076,1909f56bfc062723c751e8b465ee728b)
Start importing Assets/FreeVegetation-LowPolyNature/FreeVegetation/Models/Vegetation.fbx using Guid(2072bd79c1ae41441b0d087f04e9ec49) Importer(815301076,1909f56bfc062723c751e8b465ee728b)  -> (artifact id: 'df82da027db8063f7ec98f2c2ef393d4') in 0.792256 seconds 
========================================================================
Received Import Request.
  Time since last request: 31.122450 seconds.
  path: Assets/FreeVegetation-LowPolyNature/FreeVegetation/Materials/Bush_1.mat
  artifactKey: Guid(41543f25990715d47b8829388b91cd6a) Importer(815301076,1909f56bfc062723c751e8b465ee728b)
Start importing Assets/FreeVegetation-LowPolyNature/FreeVegetation/Materials/Bush_1.mat using Guid(41543f25990715d47b8829388b91cd6a) Importer(815301076,1909f56bfc062723c751e8b465ee728b)  -> (artifact id: '5cb0dd4d71c46f4394971c0326074c5a') in 0.011806 seconds 
========================================================================
Received Import Request.
  Time since last request: 0.000029 seconds.
  path: Assets/FreeVegetation-LowPolyNature/FreeVegetation/Materials/Grass_1.mat
  artifactKey: Guid(7e9e3cb396458b84aada10e45759c373) Importer(815301076,1909f56bfc062723c751e8b465ee728b)
Start importing Assets/FreeVegetation-LowPolyNature/FreeVegetation/Materials/Grass_1.mat using Guid(7e9e3cb396458b84aada10e45759c373) Importer(815301076,1909f56bfc062723c751e8b465ee728b)  -> (artifact id: '5b9448d9ae2d138f40a49cf998d6b1ca') in 0.011160 seconds 
========================================================================
Received Import Request.
  Time since last request: 0.000047 seconds.
  path: Assets/FreeVegetation-LowPolyNature/FreeVegetation/Materials/Trunk_1.mat
  artifactKey: Guid(94bf847a9b88c60428243d160955ba6f) Importer(815301076,1909f56bfc062723c751e8b465ee728b)
Start importing Assets/FreeVegetation-LowPolyNature/FreeVegetation/Materials/Trunk_1.mat using Guid(94bf847a9b88c60428243d160955ba6f) Importer(815301076,1909f56bfc062723c751e8b465ee728b)  -> (artifact id: '314449976690e2a9eb79bf3ec5267d9f') in 0.016923 seconds 
========================================================================
Received Import Request.
  Time since last request: 0.000036 seconds.
  path: Assets/FreeVegetation-LowPolyNature/FreeVegetation/Materials/TrunkDamage_1.mat
  artifactKey: Guid(23c20ac7f6d472942a1dd905e69fc6f6) Importer(815301076,1909f56bfc062723c751e8b465ee728b)
Start importing Assets/FreeVegetation-LowPolyNature/FreeVegetation/Materials/TrunkDamage_1.mat using Guid(23c20ac7f6d472942a1dd905e69fc6f6) Importer(815301076,1909f56bfc062723c751e8b465ee728b)  -> (artifact id: '7cf3e7bdde67435183f293fb12dcc3d4') in 0.011104 seconds 
========================================================================
Received Import Request.
  Time since last request: 0.000034 seconds.
  path: Assets/FreeVegetation-LowPolyNature/FreeVegetation/Materials/TreeLeaf_1.mat
  artifactKey: Guid(22ae8ca533ae0ff45a92966006a65514) Importer(815301076,1909f56bfc062723c751e8b465ee728b)
Start importing Assets/FreeVegetation-LowPolyNature/FreeVegetation/Materials/TreeLeaf_1.mat using Guid(22ae8ca533ae0ff45a92966006a65514) Importer(815301076,1909f56bfc062723c751e8b465ee728b)  -> (artifact id: '680579fc63485b9f0d36f571e8debc04') in 0.012069 seconds 
========================================================================
Received Import Request.
  Time since last request: 29.260806 seconds.
  path: Assets/FreeVegetation-LowPolyNature/FreeVegetation/Prefabs/Bush_1_1.prefab
  artifactKey: Guid(736a3a898da8f894593c271ad73d5f1f) Importer(815301076,1909f56bfc062723c751e8b465ee728b)
Start importing Assets/FreeVegetation-LowPolyNature/FreeVegetation/Prefabs/Bush_1_1.prefab using Guid(736a3a898da8f894593c271ad73d5f1f) Importer(815301076,1909f56bfc062723c751e8b465ee728b)  -> (artifact id: '75851656758040d58c69355c0f32cbf6') in 0.013970 seconds 
========================================================================
Received Import Request.
  Time since last request: 0.000039 seconds.
  path: Assets/FreeVegetation-LowPolyNature/FreeVegetation/Prefabs/FallenTree_1_1.prefab
  artifactKey: Guid(c33d23e7dff87c94bbbf8303e2318397) Importer(815301076,1909f56bfc062723c751e8b465ee728b)
Start importing Assets/FreeVegetation-LowPolyNature/FreeVegetation/Prefabs/FallenTree_1_1.prefab using Guid(c33d23e7dff87c94bbbf8303e2318397) Importer(815301076,1909f56bfc062723c751e8b465ee728b)  -> (artifact id: '6ee8744df8358005375b378e07a0de86') in 0.013946 seconds 
========================================================================
Received Import Request.
  Time since last request: 0.000040 seconds.
  path: Assets/FreeVegetation-LowPolyNature/FreeVegetation/Prefabs/Tree_1_2.prefab
  artifactKey: Guid(d855296cdd38f1d43a9018c918395080) Importer(815301076,1909f56bfc062723c751e8b465ee728b)
Start importing Assets/FreeVegetation-LowPolyNature/FreeVegetation/Prefabs/Tree_1_2.prefab using Guid(d855296cdd38f1d43a9018c918395080) Importer(815301076,1909f56bfc062723c751e8b465ee728b)  -> (artifact id: 'caba05b35126032fa843c5c32bc79d35') in 0.014951 seconds 
========================================================================
Received Import Request.
  Time since last request: 0.000044 seconds.
  path: Assets/FreeVegetation-LowPolyNature/FreeVegetation/Prefabs/Grass_1_2.prefab
  artifactKey: Guid(729e667a67b1fbd40adbda716ae59a2e) Importer(815301076,1909f56bfc062723c751e8b465ee728b)
Start importing Assets/FreeVegetation-LowPolyNature/FreeVegetation/Prefabs/Grass_1_2.prefab using Guid(729e667a67b1fbd40adbda716ae59a2e) Importer(815301076,1909f56bfc062723c751e8b465ee728b)  -> (artifact id: 'aec74deb4a654675f1d6b750524f15f2') in 0.013290 seconds 
========================================================================
Received Import Request.
  Time since last request: 0.000024 seconds.
  path: Assets/FreeVegetation-LowPolyNature/FreeVegetation/Prefabs/FallenTree_1_2.prefab
  artifactKey: Guid(7bd8a99d77d246b41b47d6f0958d6e89) Importer(815301076,1909f56bfc062723c751e8b465ee728b)
Start importing Assets/FreeVegetation-LowPolyNature/FreeVegetation/Prefabs/FallenTree_1_2.prefab using Guid(7bd8a99d77d246b41b47d6f0958d6e89) Importer(815301076,1909f56bfc062723c751e8b465ee728b)  -> (artifact id: 'f1ff2b3d2221c56e7d85dd3d6a39b020') in 0.017690 seconds 
========================================================================
Received Import Request.
  Time since last request: 310.889720 seconds.
  path: Assets/MicaFolder
  artifactKey: Guid(e9ed5f409b062e34db2c5975d976f2df) Importer(2089858483,934ff659095e30574adcf32a4c2f97b5)
Start importing Assets/MicaFolder using Guid(e9ed5f409b062e34db2c5975d976f2df) Importer(2089858483,934ff659095e30574adcf32a4c2f97b5) Generated GUIDs only implemented for interfaces!
 -> (artifact id: '109bfff554ba96ded495baa1be2b173c') in 0.004405 seconds 
========================================================================
Received Import Request.
  Time since last request: 6.685618 seconds.
  path: Assets/MicaFolder/Scenes
  artifactKey: Guid(79481454df93f9443a8d4eb66ca807cb) Importer(2089858483,934ff659095e30574adcf32a4c2f97b5)
Start importing Assets/MicaFolder/Scenes using Guid(79481454df93f9443a8d4eb66ca807cb) Importer(2089858483,934ff659095e30574adcf32a4c2f97b5) Generated GUIDs only implemented for interfaces!
 -> (artifact id: '22ccc506eb1b51d1972d646cf567cf73') in 0.004389 seconds 
========================================================================
Received Import Request.
  Time since last request: 12.533922 seconds.
  path: Assets/MicaFolder/Scenes/Test.unity
  artifactKey: Guid(267b64d8a93b99c4aa3389f840d1d523) Importer(2089858483,934ff659095e30574adcf32a4c2f97b5)
Start importing Assets/MicaFolder/Scenes/Test.unity using Guid(267b64d8a93b99c4aa3389f840d1d523) Importer(2089858483,934ff659095e30574adcf32a4c2f97b5) Generated GUIDs only implemented for interfaces!
 -> (artifact id: 'a8e7ef4a3bece2c44533b51fa76e6505') in 0.003457 seconds 
========================================================================
Received Import Request.
  Time since last request: 7.681326 seconds.
  path: Assets/FreeVegetation-LowPolyNature/Demo/Terrain.asset
  artifactKey: Guid(b7b0c130a920d7545911531cd6112294) Importer(2089858483,934ff659095e30574adcf32a4c2f97b5)
Start importing Assets/FreeVegetation-LowPolyNature/Demo/Terrain.asset using Guid(b7b0c130a920d7545911531cd6112294) Importer(2089858483,934ff659095e30574adcf32a4c2f97b5) Generated GUIDs only implemented for interfaces!
 -> (artifact id: '34f7845647aa2fe9df16efd6390eee9e') in 0.005974 seconds 
========================================================================
Received Import Request.
  Time since last request: 0.000031 seconds.
  path: Assets/FreeVegetation-LowPolyNature/Demo/TerrainScene.unity
  artifactKey: Guid(a1682599096835f43aeaba8eb03cf65f) Importer(2089858483,934ff659095e30574adcf32a4c2f97b5)
Start importing Assets/FreeVegetation-LowPolyNature/Demo/TerrainScene.unity using Guid(a1682599096835f43aeaba8eb03cf65f) Importer(2089858483,934ff659095e30574adcf32a4c2f97b5) Generated GUIDs only implemented for interfaces!
 -> (artifact id: 'dea3364338b6d0073f047b6749db3326') in 0.006063 seconds 
========================================================================
Received Import Request.
  Time since last request: 21.784458 seconds.
  path: Assets/FreeVegetation-LowPolyNature/FreeVegetation/Textures/GrassColor.png
  artifactKey: Guid(59b577b39270af04abdc731059ae1a2b) Importer(815301076,1909f56bfc062723c751e8b465ee728b)
Start importing Assets/FreeVegetation-LowPolyNature/FreeVegetation/Textures/GrassColor.png using Guid(59b577b39270af04abdc731059ae1a2b) Importer(815301076,1909f56bfc062723c751e8b465ee728b)  -> (artifact id: '513486d85e61a9c83c080b6efa537ac9') in 0.012258 seconds 
========================================================================
Received Import Request.
  Time since last request: 48.207241 seconds.
  path: Assets/FreeVegetation-LowPolyNature/Demo/Terrain.asset
  artifactKey: Guid(b7b0c130a920d7545911531cd6112294) Importer(815301076,1909f56bfc062723c751e8b465ee728b)
Start importing Assets/FreeVegetation-LowPolyNature/Demo/Terrain.asset using Guid(b7b0c130a920d7545911531cd6112294) Importer(815301076,1909f56bfc062723c751e8b465ee728b)  -> (artifact id: 'e62a176aee5231709b8cc427d45238fd') in 0.030540 seconds 
========================================================================
Received Import Request.
  Time since last request: 43.457862 seconds.
  path: Assets/MicaFolder/Assets
  artifactKey: Guid(afbc974f3f50b85439c3adc1cad70905) Importer(2089858483,934ff659095e30574adcf32a4c2f97b5)
Start importing Assets/MicaFolder/Assets using Guid(afbc974f3f50b85439c3adc1cad70905) Importer(2089858483,934ff659095e30574adcf32a4c2f97b5) Generated GUIDs only implemented for interfaces!
 -> (artifact id: '652ce591c95389c49640e898b5915524') in 0.002598 seconds 
========================================================================
Received Import Request.
  Time since last request: 56.527831 seconds.
  path: Assets/FreeVegetation-LowPolyNature/FreeVegetation/Textures
  artifactKey: Guid(f320330b1bf0fa84eafbfa88ea66e083) Importer(815301076,1909f56bfc062723c751e8b465ee728b)
Start importing Assets/FreeVegetation-LowPolyNature/FreeVegetation/Textures using Guid(f320330b1bf0fa84eafbfa88ea66e083) Importer(815301076,1909f56bfc062723c751e8b465ee728b)  -> (artifact id: 'd3dfa37189d0a3802386ef5fa5181441') in 0.001444 seconds 
========================================================================
Received Import Request.
  Time since last request: 7.721058 seconds.
  path: Assets/FreeVegetation-LowPolyNature/FreeVegetation/Textures/Ground.mat
  artifactKey: Guid(8e8001b606076c74496a9590e600074d) Importer(815301076,1909f56bfc062723c751e8b465ee728b)
Start importing Assets/FreeVegetation-LowPolyNature/FreeVegetation/Textures/Ground.mat using Guid(8e8001b606076c74496a9590e600074d) Importer(815301076,1909f56bfc062723c751e8b465ee728b)  -> (artifact id: 'c052ba6f8a45b1814a791539eace7db2') in 0.011966 seconds 
========================================================================
Received Import Request.
  Time since last request: 0.940812 seconds.
  path: Assets/FreeVegetation-LowPolyNature/FreeVegetation/Textures/Ground.mat
  artifactKey: Guid(8e8001b606076c74496a9590e600074d) Importer(2089858483,934ff659095e30574adcf32a4c2f97b5)
Start importing Assets/FreeVegetation-LowPolyNature/FreeVegetation/Textures/Ground.mat using Guid(8e8001b606076c74496a9590e600074d) Importer(2089858483,934ff659095e30574adcf32a4c2f97b5) Generated GUIDs only implemented for interfaces!
 -> (artifact id: 'e11e094556d28f733f439b216fcb2751') in 0.004680 seconds 
========================================================================
Received Import Request.
  Time since last request: 134.503651 seconds.
  path: Assets/FreeVegetation-LowPolyNature/FreeVegetation/Textures/Ground_2.mat
  artifactKey: Guid(ea37e10b9ed202041b58923458e3ba4f) Importer(815301076,1909f56bfc062723c751e8b465ee728b)
Start importing Assets/FreeVegetation-LowPolyNature/FreeVegetation/Textures/Ground_2.mat using Guid(ea37e10b9ed202041b58923458e3ba4f) Importer(815301076,1909f56bfc062723c751e8b465ee728b)  -> (artifact id: '1889bd1661300be9bec3db01847d7b95') in 0.010227 seconds 
========================================================================
Received Import Request.
  Time since last request: 0.941149 seconds.
  path: Assets/FreeVegetation-LowPolyNature/FreeVegetation/Textures/Ground_2.mat
  artifactKey: Guid(ea37e10b9ed202041b58923458e3ba4f) Importer(2089858483,934ff659095e30574adcf32a4c2f97b5)
Start importing Assets/FreeVegetation-LowPolyNature/FreeVegetation/Textures/Ground_2.mat using Guid(ea37e10b9ed202041b58923458e3ba4f) Importer(2089858483,934ff659095e30574adcf32a4c2f97b5) Generated GUIDs only implemented for interfaces!
 -> (artifact id: '432679ed198876ff02c99b37bd0e7a70') in 0.003848 seconds 
========================================================================
Received Import Request.
  Time since last request: 69.235438 seconds.
  path: Assets/FreeVegetation-LowPolyNature/FreeVegetation
  artifactKey: Guid(91d8f4b4077ba1b47aad4b20f0c152e6) Importer(815301076,1909f56bfc062723c751e8b465ee728b)
Start importing Assets/FreeVegetation-LowPolyNature/FreeVegetation using Guid(91d8f4b4077ba1b47aad4b20f0c152e6) Importer(815301076,1909f56bfc062723c751e8b465ee728b)  -> (artifact id: 'eab47a0fa59aed90dae2f4766e444fb5') in 0.001592 seconds 
========================================================================
Received Import Request.
  Time since last request: 1.261461 seconds.
  path: Assets/FreeVegetation-LowPolyNature/FreeVegetation/Prefabs
  artifactKey: Guid(54c2d62876ea875408d05fb5ca09fbf6) Importer(815301076,1909f56bfc062723c751e8b465ee728b)
Start importing Assets/FreeVegetation-LowPolyNature/FreeVegetation/Prefabs using Guid(54c2d62876ea875408d05fb5ca09fbf6) Importer(815301076,1909f56bfc062723c751e8b465ee728b)  -> (artifact id: '67c094400f5de514a9f60ec2d45f72f5') in 0.001479 seconds 
========================================================================
Received Prepare
Registering precompiled user dll's ...
Registered in 0.004406 seconds.
Begin MonoManager ReloadAssembly
Native extension for WindowsStandalone target not found
Native extension for iOS target not found
Native extension for Android target not found
Native extension for WebGL target not found
Refreshing native plugins compatible for Editor in 0.76 ms, found 2 plugins.
Preloading 0 native plugins for Editor in 0.00 ms.
Mono: successfully reloaded assembly
- Completed reload, in  2.861 seconds
Domain Reload Profiling:
	ReloadAssembly (2862ms)
		BeginReloadAssembly (221ms)
			ExecutionOrderSort (0ms)
			DisableScriptedObjects (9ms)
			BackupInstance (0ms)
			ReleaseScriptingObjects (0ms)
			CreateAndSetChildDomain (65ms)
		EndReloadAssembly (2444ms)
			LoadAssemblies (146ms)
			RebuildTransferFunctionScriptingTraits (0ms)
			SetupTypeCache (1305ms)
			ReleaseScriptCaches (2ms)
			RebuildScriptCaches (107ms)
			SetupLoadedEditorAssemblies (734ms)
				LogAssemblyErrors (0ms)
				InitializePlatformSupportModulesInManaged (74ms)
				SetLoadedEditorAssemblies (1ms)
				RefreshPlugins (1ms)
				BeforeProcessingInitializeOnLoad (112ms)
				ProcessInitializeOnLoadAttributes (476ms)
				ProcessInitializeOnLoadMethodAttributes (62ms)
				AfterProcessingInitializeOnLoad (9ms)
				EditorAssembliesLoaded (0ms)
			ExecutionOrderSort2 (0ms)
			AwakeInstancesAfterBackupRestoration (18ms)
Platform modules already initialized, skipping
Refreshing native plugins compatible for Editor in 3.05 ms, found 2 plugins.
Preloading 0 native plugins for Editor in 0.00 ms.
Unloading 1661 Unused Serialized files (Serialized files now loaded: 0)
Unloading 14 unused Assets / (0.5 MB). Loaded Objects now: 2211.
Memory consumption went from 76.8 MB to 76.2 MB.
Total: 5.940800 ms (FindLiveObjects: 0.289400 ms CreateObjectMapping: 0.188400 ms MarkObjects: 5.154200 ms  DeleteObjects: 0.307000 ms)

AssetImportParameters requested are different than current active one (requested -> active):
  custom:video-decoder-ogg-theora: a1e56fd34408186e4bbccfd4996cb3dc -> 
  custom:container-muxer-webm: aa71ff27fc2769a1b78a27578f13a17b -> 
  custom:container-demuxer-webm: 4f35f7cbe854078d1ac9338744f61a02 -> 
  custom:video-encoder-webm-vp8: eb34c28f22e8b96e1ab97ce403110664 -> 
  custom:video-codec-MediaFoundation-h265: 746d11721c4dcdbdad8f713fa42b33f4 -> 
  custom:audio-encoder-webm-vorbis: bf7c407c2cedff20999df2af8eb42d56 -> 
  custom:framework-win-MediaFoundation: 216162199b28c13a410421893ffa2e32 -> 
  custom:SearchIndexIgnoredProperties: e643bd26f0fe6173181afceb89e7c659 -> 
  custom:container-demuxer-ogg: 62fdf1f143b41e24485cea50d1cbac27 -> 
  custom:video-decoder-webm-vp8: 9c59270c3fd7afecdb556c50c9e8de78 -> 
  custom:audio-decoder-ogg-vorbis: bf7c407c2cedff20999df2af8eb42d56 -> 
========================================================================
Received Import Request.
  Time since last request: 480.549793 seconds.
  path: Assets/DogKnight/promotion.jpg
  artifactKey: Guid(f27d7537e17799e47be587331b9ef52b) Importer(815301076,1909f56bfc062723c751e8b465ee728b)
Start importing Assets/DogKnight/promotion.jpg using Guid(f27d7537e17799e47be587331b9ef52b) Importer(815301076,1909f56bfc062723c751e8b465ee728b)  -> (artifact id: 'ba5aa45496f8edafde071b559c404b72') in 0.060305 seconds 
========================================================================
Received Import Request.
  Time since last request: 3.154097 seconds.
  path: Assets/DogKnight/Prefab
  artifactKey: Guid(9739c933b2b55f3488427aed995de914) Importer(815301076,1909f56bfc062723c751e8b465ee728b)
Start importing Assets/DogKnight/Prefab using Guid(9739c933b2b55f3488427aed995de914) Importer(815301076,1909f56bfc062723c751e8b465ee728b)  -> (artifact id: '757713efb1ebc3e197e96d53f39be75e') in 0.001511 seconds 
========================================================================
Received Import Request.
  Time since last request: 0.058249 seconds.
  path: Assets/DogKnight/Prefab/DogPBR.prefab
  artifactKey: Guid(214e08cd5e5d74c458e2a81b7ec2c84c) Importer(815301076,1909f56bfc062723c751e8b465ee728b)
Start importing Assets/DogKnight/Prefab/DogPBR.prefab using Guid(214e08cd5e5d74c458e2a81b7ec2c84c) Importer(815301076,1909f56bfc062723c751e8b465ee728b)  -> (artifact id: '04af30d72fbf42fbba4f29f0cf46e1bc') in 0.572280 seconds 
========================================================================
Received Import Request.
  Time since last request: 173.106458 seconds.
  path: Assets/New Terrain.asset
  artifactKey: Guid(05673aef7b9219a44b82117d2ed46d41) Importer(815301076,1909f56bfc062723c751e8b465ee728b)
Start importing Assets/New Terrain.asset using Guid(05673aef7b9219a44b82117d2ed46d41) Importer(815301076,1909f56bfc062723c751e8b465ee728b)  -> (artifact id: 'c31b90326784f6d617058c412eec3f36') in 0.019238 seconds 
========================================================================
Received Import Request.
  Time since last request: 1.792965 seconds.
  path: Assets/FreeVegetation-LowPolyNature
  artifactKey: Guid(30de049dae7da2a4689292391674e8d3) Importer(815301076,1909f56bfc062723c751e8b465ee728b)
Start importing Assets/FreeVegetation-LowPolyNature using Guid(30de049dae7da2a4689292391674e8d3) Importer(815301076,1909f56bfc062723c751e8b465ee728b)  -> (artifact id: '983342d8bd721aab8b4eb56903c959df') in 0.001204 seconds 
========================================================================
Received Import Request.
  Time since last request: 44.494292 seconds.
  path: Assets/FreeVegetation-LowPolyNature/FreeVegetation/Materials
  artifactKey: Guid(9a5457ce8d0d06042b1f644327c18a99) Importer(815301076,1909f56bfc062723c751e8b465ee728b)
Start importing Assets/FreeVegetation-LowPolyNature/FreeVegetation/Materials using Guid(9a5457ce8d0d06042b1f644327c18a99) Importer(815301076,1909f56bfc062723c751e8b465ee728b)  -> (artifact id: 'eb5a62c42b1b05b165e3757a91466d23') in 0.001426 seconds 
========================================================================
Received Import Request.
  Time since last request: 2.211350 seconds.
  path: Assets/FreeVegetation-LowPolyNature/FreeVegetation/Textures/Ground.mat
  artifactKey: Guid(8e8001b606076c74496a9590e600074d) Importer(815301076,1909f56bfc062723c751e8b465ee728b)
Start importing Assets/FreeVegetation-LowPolyNature/FreeVegetation/Textures/Ground.mat using Guid(8e8001b606076c74496a9590e600074d) Importer(815301076,1909f56bfc062723c751e8b465ee728b)  -> (artifact id: 'd5cf7cf3c80b0c6686518fc0d68256ef') in 0.407313 seconds 
========================================================================
Received Import Request.
  Time since last request: 44.374193 seconds.
  path: Assets/FreeVegetation-LowPolyNature/FreeVegetation/Textures/Ground_1.mat
  artifactKey: Guid(21e3113709a049f4dbca8d32a4a5bcaf) Importer(815301076,1909f56bfc062723c751e8b465ee728b)
Start importing Assets/FreeVegetation-LowPolyNature/FreeVegetation/Textures/Ground_1.mat using Guid(21e3113709a049f4dbca8d32a4a5bcaf) Importer(815301076,1909f56bfc062723c751e8b465ee728b)  -> (artifact id: 'ba25bd44821fa6824f4573e1e52b6e4d') in 0.012079 seconds 
========================================================================
Received Import Request.
  Time since last request: 131.567600 seconds.
  path: Assets/_TerrainAutoUpgrade
  artifactKey: Guid(3051d0ff9a1122347b501cdf2c7fee73) Importer(815301076,1909f56bfc062723c751e8b465ee728b)
Start importing Assets/_TerrainAutoUpgrade using Guid(3051d0ff9a1122347b501cdf2c7fee73) Importer(815301076,1909f56bfc062723c751e8b465ee728b)  -> (artifact id: 'bfedcdb6eaf398b1bab0e6b1a8d24a68') in 0.001261 seconds 
========================================================================
Received Import Request.
  Time since last request: 2.730494 seconds.
  path: Assets/DogKnight
  artifactKey: Guid(ab48f021a4bd27747936c9f2284bf329) Importer(815301076,1909f56bfc062723c751e8b465ee728b)
Start importing Assets/DogKnight using Guid(ab48f021a4bd27747936c9f2284bf329) Importer(815301076,1909f56bfc062723c751e8b465ee728b)  -> (artifact id: '8679d5af9402537cbf6335cd5b618888') in 0.001403 seconds 
========================================================================
Received Prepare
Registering precompiled user dll's ...
Registered in 0.004932 seconds.
Begin MonoManager ReloadAssembly
Native extension for WindowsStandalone target not found
Native extension for iOS target not found
Native extension for Android target not found
Native extension for WebGL target not found
Refreshing native plugins compatible for Editor in 2.40 ms, found 2 plugins.
Preloading 0 native plugins for Editor in 0.00 ms.
Mono: successfully reloaded assembly
- Completed reload, in  2.535 seconds
Domain Reload Profiling:
	ReloadAssembly (2537ms)
		BeginReloadAssembly (218ms)
			ExecutionOrderSort (0ms)
			DisableScriptedObjects (9ms)
			BackupInstance (0ms)
			ReleaseScriptingObjects (0ms)
			CreateAndSetChildDomain (54ms)
		EndReloadAssembly (2117ms)
			LoadAssemblies (148ms)
			RebuildTransferFunctionScriptingTraits (0ms)
			SetupTypeCache (363ms)
			ReleaseScriptCaches (2ms)
			RebuildScriptCaches (86ms)
			SetupLoadedEditorAssemblies (1177ms)
				LogAssemblyErrors (0ms)
				InitializePlatformSupportModulesInManaged (252ms)
				SetLoadedEditorAssemblies (4ms)
				RefreshPlugins (3ms)
				BeforeProcessingInitializeOnLoad (399ms)
				ProcessInitializeOnLoadAttributes (449ms)
				ProcessInitializeOnLoadMethodAttributes (63ms)
				AfterProcessingInitializeOnLoad (7ms)
				EditorAssembliesLoaded (0ms)
			ExecutionOrderSort2 (0ms)
			AwakeInstancesAfterBackupRestoration (17ms)
Platform modules already initialized, skipping
Refreshing native plugins compatible for Editor in 2.65 ms, found 2 plugins.
Preloading 0 native plugins for Editor in 0.00 ms.
Unloading 1661 Unused Serialized files (Serialized files now loaded: 0)
Unloading 15 unused Assets / (0.5 MB). Loaded Objects now: 2215.
Memory consumption went from 89.5 MB to 89.0 MB.
Total: 7.091600 ms (FindLiveObjects: 0.253400 ms CreateObjectMapping: 0.163400 ms MarkObjects: 6.295700 ms  DeleteObjects: 0.377300 ms)

AssetImportParameters requested are different than current active one (requested -> active):
  custom:video-decoder-ogg-theora: a1e56fd34408186e4bbccfd4996cb3dc -> 
  custom:container-muxer-webm: aa71ff27fc2769a1b78a27578f13a17b -> 
  custom:container-demuxer-webm: 4f35f7cbe854078d1ac9338744f61a02 -> 
  custom:video-encoder-webm-vp8: eb34c28f22e8b96e1ab97ce403110664 -> 
  custom:video-codec-MediaFoundation-h265: 746d11721c4dcdbdad8f713fa42b33f4 -> 
  custom:audio-encoder-webm-vorbis: bf7c407c2cedff20999df2af8eb42d56 -> 
  custom:framework-win-MediaFoundation: 216162199b28c13a410421893ffa2e32 -> 
  custom:SearchIndexIgnoredProperties: e643bd26f0fe6173181afceb89e7c659 -> 
  custom:container-demuxer-ogg: 62fdf1f143b41e24485cea50d1cbac27 -> 
  custom:video-decoder-webm-vp8: 9c59270c3fd7afecdb556c50c9e8de78 -> 
  custom:audio-decoder-ogg-vorbis: bf7c407c2cedff20999df2af8eb42d56 -> 
========================================================================
Received Import Request.
  Time since last request: 72.671711 seconds.
  path: Assets/DogKnight/Animator/DogControl.controller
  artifactKey: Guid(b60dc9aa529b314489f628aa3b57c470) Importer(815301076,1909f56bfc062723c751e8b465ee728b)
Start importing Assets/DogKnight/Animator/DogControl.controller using Guid(b60dc9aa529b314489f628aa3b57c470) Importer(815301076,1909f56bfc062723c751e8b465ee728b)  -> (artifact id: '010d17ef52029fa2ffe458afcbcce4f2') in 0.171454 seconds 
========================================================================
Received Import Request.
  Time since last request: 40.115420 seconds.
  path: Assets/resource_default
  artifactKey: Guid(e6131c58805b49749b1d4099358577f7) Importer(815301076,1909f56bfc062723c751e8b465ee728b)
Start importing Assets/resource_default using Guid(e6131c58805b49749b1d4099358577f7) Importer(815301076,1909f56bfc062723c751e8b465ee728b)  -> (artifact id: '692137b59a0b1170252778cf1076f6e5') in 0.001294 seconds 
========================================================================
Received Import Request.
  Time since last request: 181.703246 seconds.
  path: Assets/FreeVegetation-LowPolyNature/FreeVegetation/Prefabs/Grass_2_1.prefab
  artifactKey: Guid(1ddaf242dd01c744393cf9bd8a9334d1) Importer(815301076,1909f56bfc062723c751e8b465ee728b)
Start importing Assets/FreeVegetation-LowPolyNature/FreeVegetation/Prefabs/Grass_2_1.prefab using Guid(1ddaf242dd01c744393cf9bd8a9334d1) Importer(815301076,1909f56bfc062723c751e8b465ee728b)  -> (artifact id: '09966d9c2a63594a12dc6b23c2160276') in 0.120284 seconds 
========================================================================
Received Import Request.
  Time since last request: 194.354927 seconds.
  path: Assets/FreeVegetation-LowPolyNature/FreeVegetation/Textures/Ground.mat
  artifactKey: Guid(8e8001b606076c74496a9590e600074d) Importer(815301076,1909f56bfc062723c751e8b465ee728b)
Start importing Assets/FreeVegetation-LowPolyNature/FreeVegetation/Textures/Ground.mat using Guid(8e8001b606076c74496a9590e600074d) Importer(815301076,1909f56bfc062723c751e8b465ee728b)  -> (artifact id: '689e29d113e52df276b6952978c3f571') in 0.674024 seconds 
========================================================================
Received Import Request.
  Time since last request: 6.490773 seconds.
  path: Assets/FreeVegetation-LowPolyNature/FreeVegetation/Textures/Ground_3.mat
  artifactKey: Guid(b8f1ef26079409148a5d93fe66165847) Importer(815301076,1909f56bfc062723c751e8b465ee728b)
Start importing Assets/FreeVegetation-LowPolyNature/FreeVegetation/Textures/Ground_3.mat using Guid(b8f1ef26079409148a5d93fe66165847) Importer(815301076,1909f56bfc062723c751e8b465ee728b)  -> (artifact id: '687bce9bdda99750f4b6e7556c0d0085') in 0.014723 seconds 
========================================================================
Received Import Request.
  Time since last request: 160.951701 seconds.
  path: Assets/FreeVegetation-LowPolyNature/FreeVegetation/Textures/Ground_1 1.mat
  artifactKey: Guid(2b1a04cd7670c5946ab90a052d23e316) Importer(815301076,1909f56bfc062723c751e8b465ee728b)
Start importing Assets/FreeVegetation-LowPolyNature/FreeVegetation/Textures/Ground_1 1.mat using Guid(2b1a04cd7670c5946ab90a052d23e316) Importer(815301076,1909f56bfc062723c751e8b465ee728b)  -> (artifact id: '99d3a4ee6cb109de9b12a2c6747a27cb') in 0.015218 seconds 
========================================================================
Received Import Request.
  Time since last request: 4.468434 seconds.
  path: Assets/FreeVegetation-LowPolyNature/FreeVegetation/Textures/Ground_2.mat
  artifactKey: Guid(2b1a04cd7670c5946ab90a052d23e316) Importer(815301076,1909f56bfc062723c751e8b465ee728b)
Start importing Assets/FreeVegetation-LowPolyNature/FreeVegetation/Textures/Ground_2.mat using Guid(2b1a04cd7670c5946ab90a052d23e316) Importer(815301076,1909f56bfc062723c751e8b465ee728b)  -> (artifact id: '71e6816e5f7ad46182d216c395ed0c06') in 0.014302 seconds 
========================================================================
Received Prepare
Registering precompiled user dll's ...
Registered in 0.004402 seconds.
Begin MonoManager ReloadAssembly
Native extension for WindowsStandalone target not found
Native extension for iOS target not found
Native extension for Android target not found
Native extension for WebGL target not found
Refreshing native plugins compatible for Editor in 0.97 ms, found 2 plugins.
Preloading 0 native plugins for Editor in 0.00 ms.
Mono: successfully reloaded assembly
- Completed reload, in  2.521 seconds
Domain Reload Profiling:
	ReloadAssembly (2522ms)
		BeginReloadAssembly (217ms)
			ExecutionOrderSort (0ms)
			DisableScriptedObjects (9ms)
			BackupInstance (0ms)
			ReleaseScriptingObjects (0ms)
			CreateAndSetChildDomain (59ms)
		EndReloadAssembly (2132ms)
			LoadAssemblies (134ms)
			RebuildTransferFunctionScriptingTraits (0ms)
			SetupTypeCache (1120ms)
			ReleaseScriptCaches (2ms)
			RebuildScriptCaches (101ms)
			SetupLoadedEditorAssemblies (665ms)
				LogAssemblyErrors (0ms)
				InitializePlatformSupportModulesInManaged (71ms)
				SetLoadedEditorAssemblies (1ms)
				RefreshPlugins (1ms)
				BeforeProcessingInitializeOnLoad (101ms)
				ProcessInitializeOnLoadAttributes (425ms)
				ProcessInitializeOnLoadMethodAttributes (57ms)
				AfterProcessingInitializeOnLoad (9ms)
				EditorAssembliesLoaded (0ms)
			ExecutionOrderSort2 (0ms)
			AwakeInstancesAfterBackupRestoration (14ms)
Platform modules already initialized, skipping
Refreshing native plugins compatible for Editor in 1.82 ms, found 2 plugins.
Preloading 0 native plugins for Editor in 0.00 ms.
Unloading 1661 Unused Serialized files (Serialized files now loaded: 0)
Unloading 12 unused Assets / (24.6 KB). Loaded Objects now: 2231.
Memory consumption went from 100.5 MB to 100.5 MB.
Total: 4.229000 ms (FindLiveObjects: 0.290600 ms CreateObjectMapping: 0.211700 ms MarkObjects: 3.700000 ms  DeleteObjects: 0.024200 ms)

AssetImportParameters requested are different than current active one (requested -> active):
  custom:video-decoder-ogg-theora: a1e56fd34408186e4bbccfd4996cb3dc -> 
  custom:container-muxer-webm: aa71ff27fc2769a1b78a27578f13a17b -> 
  custom:container-demuxer-webm: 4f35f7cbe854078d1ac9338744f61a02 -> 
  custom:video-encoder-webm-vp8: eb34c28f22e8b96e1ab97ce403110664 -> 
  custom:video-codec-MediaFoundation-h265: 746d11721c4dcdbdad8f713fa42b33f4 -> 
  custom:audio-encoder-webm-vorbis: bf7c407c2cedff20999df2af8eb42d56 -> 
  custom:framework-win-MediaFoundation: 216162199b28c13a410421893ffa2e32 -> 
  custom:SearchIndexIgnoredProperties: e643bd26f0fe6173181afceb89e7c659 -> 
  custom:container-demuxer-ogg: 62fdf1f143b41e24485cea50d1cbac27 -> 
  custom:video-decoder-webm-vp8: 9c59270c3fd7afecdb556c50c9e8de78 -> 
  custom:audio-decoder-ogg-vorbis: bf7c407c2cedff20999df2af8eb42d56 -> 
========================================================================
Received Import Request.
  Time since last request: 365.714655 seconds.
  path: Assets/New Terrain.asset
  artifactKey: Guid(05673aef7b9219a44b82117d2ed46d41) Importer(815301076,1909f56bfc062723c751e8b465ee728b)
Start importing Assets/New Terrain.asset using Guid(05673aef7b9219a44b82117d2ed46d41) Importer(815301076,1909f56bfc062723c751e8b465ee728b)  -> (artifact id: '08105536a49144d8ba31d66dbedb659e') in 0.044982 seconds 
========================================================================
Received Import Request.
  Time since last request: 260.318159 seconds.
  path: Assets/easy UI emerald - default.unity
  artifactKey: Guid(b1c56176553646c429757732476a41c3) Importer(815301076,1909f56bfc062723c751e8b465ee728b)
Start importing Assets/easy UI emerald - default.unity using Guid(b1c56176553646c429757732476a41c3) Importer(815301076,1909f56bfc062723c751e8b465ee728b)  -> (artifact id: '051cbb253682877c93513d327b7ef9d6') in 0.001491 seconds 
========================================================================
Received Import Request.
  Time since last request: 59.909939 seconds.
  path: Assets/MicaFolder
  artifactKey: Guid(e9ed5f409b062e34db2c5975d976f2df) Importer(815301076,1909f56bfc062723c751e8b465ee728b)
Start importing Assets/MicaFolder using Guid(e9ed5f409b062e34db2c5975d976f2df) Importer(815301076,1909f56bfc062723c751e8b465ee728b)  -> (artifact id: 'a9a8f2f0ad49c5664af14e561ec5748e') in 0.001211 seconds 
========================================================================
Received Import Request.
  Time since last request: 1.064552 seconds.
  path: Assets/MicaFolder/Assets
  artifactKey: Guid(afbc974f3f50b85439c3adc1cad70905) Importer(815301076,1909f56bfc062723c751e8b465ee728b)
Start importing Assets/MicaFolder/Assets using Guid(afbc974f3f50b85439c3adc1cad70905) Importer(815301076,1909f56bfc062723c751e8b465ee728b)  -> (artifact id: 'bf55a2fb2b200ad5b5589891a8df5966') in 0.001164 seconds 
========================================================================
Received Import Request.
  Time since last request: 32.965059 seconds.
  path: Assets/MicaFolder/Scenes
  artifactKey: Guid(79481454df93f9443a8d4eb66ca807cb) Importer(815301076,1909f56bfc062723c751e8b465ee728b)
Start importing Assets/MicaFolder/Scenes using Guid(79481454df93f9443a8d4eb66ca807cb) Importer(815301076,1909f56bfc062723c751e8b465ee728b)  -> (artifact id: '7a7b64b29b8b9ec69c92ae96d2f116ef') in 0.001434 seconds 
========================================================================
Received Import Request.
  Time since last request: 0.596924 seconds.
  path: Assets/MicaFolder/Scenes/Test.unity
  artifactKey: Guid(267b64d8a93b99c4aa3389f840d1d523) Importer(815301076,1909f56bfc062723c751e8b465ee728b)
Start importing Assets/MicaFolder/Scenes/Test.unity using Guid(267b64d8a93b99c4aa3389f840d1d523) Importer(815301076,1909f56bfc062723c751e8b465ee728b)  -> (artifact id: 'f45bba8df252a5175065014cc1b74a80') in 0.001429 seconds 
========================================================================
Received Import Request.
  Time since last request: 29.859972 seconds.
  path: Assets/Scenes
  artifactKey: Guid(7b341f6cb7872844c9a5e28226ef11ce) Importer(815301076,1909f56bfc062723c751e8b465ee728b)
Start importing Assets/Scenes using Guid(7b341f6cb7872844c9a5e28226ef11ce) Importer(815301076,1909f56bfc062723c751e8b465ee728b)  -> (artifact id: '9e90429ef1f8da6b20ad9efe2da82ac2') in 0.001111 seconds 
========================================================================
Received Prepare
Registering precompiled user dll's ...
Registered in 0.004362 seconds.
Begin MonoManager ReloadAssembly
Native extension for WindowsStandalone target not found
Native extension for iOS target not found
Native extension for Android target not found
Native extension for WebGL target not found
Refreshing native plugins compatible for Editor in 0.88 ms, found 2 plugins.
Preloading 0 native plugins for Editor in 0.00 ms.
Mono: successfully reloaded assembly
- Completed reload, in  2.542 seconds
Domain Reload Profiling:
	ReloadAssembly (2544ms)
		BeginReloadAssembly (205ms)
			ExecutionOrderSort (0ms)
			DisableScriptedObjects (8ms)
			BackupInstance (0ms)
			ReleaseScriptingObjects (0ms)
			CreateAndSetChildDomain (54ms)
		EndReloadAssembly (2141ms)
			LoadAssemblies (128ms)
			RebuildTransferFunctionScriptingTraits (0ms)
			SetupTypeCache (380ms)
			ReleaseScriptCaches (2ms)
			RebuildScriptCaches (107ms)
			SetupLoadedEditorAssemblies (1426ms)
				LogAssemblyErrors (0ms)
				InitializePlatformSupportModulesInManaged (63ms)
				SetLoadedEditorAssemblies (1ms)
				RefreshPlugins (1ms)
				BeforeProcessingInitializeOnLoad (101ms)
				ProcessInitializeOnLoadAttributes (1196ms)
				ProcessInitializeOnLoadMethodAttributes (57ms)
				AfterProcessingInitializeOnLoad (7ms)
				EditorAssembliesLoaded (0ms)
			ExecutionOrderSort2 (0ms)
			AwakeInstancesAfterBackupRestoration (14ms)
Platform modules already initialized, skipping
Refreshing native plugins compatible for Editor in 2.28 ms, found 2 plugins.
Preloading 0 native plugins for Editor in 0.00 ms.
Unloading 1661 Unused Serialized files (Serialized files now loaded: 0)
Unloading 12 unused Assets / (24.6 KB). Loaded Objects now: 2234.
Memory consumption went from 100.6 MB to 100.5 MB.
Total: 4.195100 ms (FindLiveObjects: 0.262100 ms CreateObjectMapping: 0.150400 ms MarkObjects: 3.756800 ms  DeleteObjects: 0.023800 ms)

AssetImportParameters requested are different than current active one (requested -> active):
  custom:video-decoder-ogg-theora: a1e56fd34408186e4bbccfd4996cb3dc -> 
  custom:container-muxer-webm: aa71ff27fc2769a1b78a27578f13a17b -> 
  custom:container-demuxer-webm: 4f35f7cbe854078d1ac9338744f61a02 -> 
  custom:video-encoder-webm-vp8: eb34c28f22e8b96e1ab97ce403110664 -> 
  custom:video-codec-MediaFoundation-h265: 746d11721c4dcdbdad8f713fa42b33f4 -> 
  custom:audio-encoder-webm-vorbis: bf7c407c2cedff20999df2af8eb42d56 -> 
  custom:framework-win-MediaFoundation: 216162199b28c13a410421893ffa2e32 -> 
  custom:SearchIndexIgnoredProperties: e643bd26f0fe6173181afceb89e7c659 -> 
  custom:container-demuxer-ogg: 62fdf1f143b41e24485cea50d1cbac27 -> 
  custom:video-decoder-webm-vp8: 9c59270c3fd7afecdb556c50c9e8de78 -> 
  custom:audio-decoder-ogg-vorbis: bf7c407c2cedff20999df2af8eb42d56 -> 
========================================================================
Received Import Request.
  Time since last request: 865.147197 seconds.
  path: Assets/MicaFolder/Scenes/Test.unity
  artifactKey: Guid(267b64d8a93b99c4aa3389f840d1d523) Importer(815301076,1909f56bfc062723c751e8b465ee728b)
Start importing Assets/MicaFolder/Scenes/Test.unity using Guid(267b64d8a93b99c4aa3389f840d1d523) Importer(815301076,1909f56bfc062723c751e8b465ee728b)  -> (artifact id: '9e4c96ff690c1690ce002320eb88804c') in 0.006173 seconds 
