Using pre-set license
Built from '2021.3/staging' branch; Version is '2021.3.2f1 (d6360bedb9a0) revision 14038539'; Using compiler version '192829333'; Build Type 'Release'
OS: 'Windows 10  (10.0.19041) 64bit Core' Language: 'de' Physical Memory: 32703 MB
BatchMode: 1, IsHumanControllingUs: 0, StartBugReporterOnCrash: 0, Is64bit: 1, IsPro: 1

COMMAND LINE ARGUMENTS:
D:\Programms\Unity\2021.3.2f1\Editor\Unity.exe
-adb2
-batchMode
-noUpm
-name
AssetImportWorker1
-projectPath
D:/Intenship/Multiplier
-logFile
Logs/AssetImportWorker1.log
-srvPort
59211
Successfully changed project path to: D:/Intenship/Multiplier
D:/Intenship/Multiplier
[UnityMemory] Configuration Parameters - Can be set up in boot.config
    "memorysetup-bucket-allocator-granularity=16"
    "memorysetup-bucket-allocator-bucket-count=8"
    "memorysetup-bucket-allocator-block-size=33554432"
    "memorysetup-bucket-allocator-block-count=8"
    "memorysetup-main-allocator-block-size=16777216"
    "memorysetup-thread-allocator-block-size=16777216"
    "memorysetup-gfx-main-allocator-block-size=16777216"
    "memorysetup-gfx-thread-allocator-block-size=16777216"
    "memorysetup-cache-allocator-block-size=4194304"
    "memorysetup-typetree-allocator-block-size=2097152"
    "memorysetup-profiler-bucket-allocator-granularity=16"
    "memorysetup-profiler-bucket-allocator-bucket-count=8"
    "memorysetup-profiler-bucket-allocator-block-size=33554432"
    "memorysetup-profiler-bucket-allocator-block-count=8"
    "memorysetup-profiler-allocator-block-size=16777216"
    "memorysetup-profiler-editor-allocator-block-size=1048576"
    "memorysetup-temp-allocator-size-main=16777216"
    "memorysetup-job-temp-allocator-block-size=2097152"
    "memorysetup-job-temp-allocator-block-size-background=1048576"
    "memorysetup-job-temp-allocator-reduction-small-platforms=262144"
    "memorysetup-temp-allocator-size-background-worker=32768"
    "memorysetup-temp-allocator-size-job-worker=262144"
    "memorysetup-temp-allocator-size-preload-manager=33554432"
    "memorysetup-temp-allocator-size-nav-mesh-worker=65536"
    "memorysetup-temp-allocator-size-audio-worker=65536"
    "memorysetup-temp-allocator-size-cloud-worker=32768"
    "memorysetup-temp-allocator-size-gi-baking-worker=262144"
    "memorysetup-temp-allocator-size-gfx=262144"
Refreshing native plugins compatible for Editor in 56.37 ms, found 2 plugins.
Preloading 0 native plugins for Editor in 0.00 ms.
Initialize engine version: 2021.3.2f1 (d6360bedb9a0)
[Subsystems] Discovering subsystems at path D:/Programms/Unity/2021.3.2f1/Editor/Data/Resources/UnitySubsystems
[Subsystems] Discovering subsystems at path D:/Intenship/Multiplier/Assets
GfxDevice: creating device client; threaded=0; jobified=0
Direct3D:
    Version:  Direct3D 11.0 [level 11.1]
    Renderer: NVIDIA GeForce GTX 1060 (ID=0x1c60)
    Vendor:   NVIDIA
    VRAM:     6052 MB
    Driver:   30.0.14.7111
Initialize mono
Mono path[0] = 'D:/Programms/Unity/2021.3.2f1/Editor/Data/Managed'
Mono path[1] = 'D:/Programms/Unity/2021.3.2f1/Editor/Data/MonoBleedingEdge/lib/mono/unityjit-win32'
Mono config path = 'D:/Programms/Unity/2021.3.2f1/Editor/Data/MonoBleedingEdge/etc'
Using monoOptions --debugger-agent=transport=dt_socket,embedding=1,server=y,suspend=n,address=127.0.0.1:56684
Begin MonoManager ReloadAssembly
Registering precompiled unity dll's ...
Register platform support module: D:/Programms/Unity/2021.3.2f1/Editor/Data/PlaybackEngines/WebGLSupport/UnityEditor.WebGL.Extensions.dll
Register platform support module: D:/Programms/Unity/2021.3.2f1/Editor/Data/PlaybackEngines/AndroidPlayer/UnityEditor.Android.Extensions.dll
Register platform support module: D:/Programms/Unity/2021.3.2f1/Editor/Data/PlaybackEngines/iOSSupport/UnityEditor.iOS.Extensions.dll
Register platform support module: D:/Programms/Unity/2021.3.2f1/Editor/Data/PlaybackEngines/WindowsStandaloneSupport/UnityEditor.WindowsStandalone.Extensions.dll
Registered in 0.006096 seconds.
Native extension for WindowsStandalone target not found
[usbmuxd] Start listen thread
[usbmuxd] Listen thread started
[usbmuxd] Send listen message
Native extension for iOS target not found
Native extension for Android target not found
Native extension for WebGL target not found
Refreshing native plugins compatible for Editor in 67.35 ms, found 2 plugins.
Preloading 0 native plugins for Editor in 0.00 ms.
Mono: successfully reloaded assembly
- Completed reload, in  1.289 seconds
Domain Reload Profiling:
	ReloadAssembly (1290ms)
		BeginReloadAssembly (143ms)
			ExecutionOrderSort (0ms)
			DisableScriptedObjects (0ms)
			BackupInstance (0ms)
			ReleaseScriptingObjects (0ms)
			CreateAndSetChildDomain (2ms)
		EndReloadAssembly (887ms)
			LoadAssemblies (143ms)
			RebuildTransferFunctionScriptingTraits (0ms)
			SetupTypeCache (234ms)
			ReleaseScriptCaches (0ms)
			RebuildScriptCaches (69ms)
			SetupLoadedEditorAssemblies (476ms)
				LogAssemblyErrors (0ms)
				InitializePlatformSupportModulesInManaged (130ms)
				SetLoadedEditorAssemblies (0ms)
				RefreshPlugins (68ms)
				BeforeProcessingInitializeOnLoad (2ms)
				ProcessInitializeOnLoadAttributes (173ms)
				ProcessInitializeOnLoadMethodAttributes (103ms)
				AfterProcessingInitializeOnLoad (0ms)
				EditorAssembliesLoaded (0ms)
			ExecutionOrderSort2 (0ms)
			AwakeInstancesAfterBackupRestoration (0ms)
Platform modules already initialized, skipping
Registering precompiled user dll's ...
Registered in 0.004551 seconds.
Begin MonoManager ReloadAssembly
Native extension for WindowsStandalone target not found
Native extension for iOS target not found
Native extension for Android target not found
Native extension for WebGL target not found
Refreshing native plugins compatible for Editor in 0.70 ms, found 2 plugins.
Preloading 0 native plugins for Editor in 0.00 ms.
Mono: successfully reloaded assembly
- Completed reload, in  1.932 seconds
Domain Reload Profiling:
	ReloadAssembly (1933ms)
		BeginReloadAssembly (339ms)
			ExecutionOrderSort (0ms)
			DisableScriptedObjects (12ms)
			BackupInstance (0ms)
			ReleaseScriptingObjects (0ms)
			CreateAndSetChildDomain (152ms)
		EndReloadAssembly (1339ms)
			LoadAssemblies (143ms)
			RebuildTransferFunctionScriptingTraits (0ms)
			SetupTypeCache (441ms)
			ReleaseScriptCaches (1ms)
			RebuildScriptCaches (92ms)
			SetupLoadedEditorAssemblies (593ms)
				LogAssemblyErrors (0ms)
				InitializePlatformSupportModulesInManaged (39ms)
				SetLoadedEditorAssemblies (1ms)
				RefreshPlugins (1ms)
				BeforeProcessingInitializeOnLoad (91ms)
				ProcessInitializeOnLoadAttributes (418ms)
				ProcessInitializeOnLoadMethodAttributes (38ms)
				AfterProcessingInitializeOnLoad (5ms)
				EditorAssembliesLoaded (0ms)
			ExecutionOrderSort2 (0ms)
			AwakeInstancesAfterBackupRestoration (13ms)
Platform modules already initialized, skipping
========================================================================
Worker process is ready to serve import requests
Launched and connected shader compiler UnityShaderCompiler.exe after 0.08 seconds
Refreshing native plugins compatible for Editor in 0.80 ms, found 2 plugins.
Preloading 0 native plugins for Editor in 0.00 ms.
Unloading 1667 Unused Serialized files (Serialized files now loaded: 0)
Unloading 19 unused Assets / (47.4 KB). Loaded Objects now: 2133.
Memory consumption went from 71.6 MB to 71.6 MB.
Total: 5.945300 ms (FindLiveObjects: 0.255100 ms CreateObjectMapping: 0.144700 ms MarkObjects: 5.427100 ms  DeleteObjects: 0.116600 ms)

AssetImportParameters requested are different than current active one (requested -> active):
  custom:video-decoder-ogg-theora: a1e56fd34408186e4bbccfd4996cb3dc -> 
  custom:container-muxer-webm: aa71ff27fc2769a1b78a27578f13a17b -> 
  custom:container-demuxer-webm: 4f35f7cbe854078d1ac9338744f61a02 -> 
  custom:video-encoder-webm-vp8: eb34c28f22e8b96e1ab97ce403110664 -> 
  custom:video-codec-MediaFoundation-h265: 746d11721c4dcdbdad8f713fa42b33f4 -> 
  custom:audio-encoder-webm-vorbis: bf7c407c2cedff20999df2af8eb42d56 -> 
  custom:framework-win-MediaFoundation: 216162199b28c13a410421893ffa2e32 -> 
  custom:container-demuxer-ogg: 62fdf1f143b41e24485cea50d1cbac27 -> 
  custom:video-decoder-webm-vp8: 9c59270c3fd7afecdb556c50c9e8de78 -> 
  custom:audio-decoder-ogg-vorbis: bf7c407c2cedff20999df2af8eb42d56 -> 
========================================================================
Received Prepare
Refreshing native plugins compatible for Editor in 3.71 ms, found 2 plugins.
Preloading 0 native plugins for Editor in 0.00 ms.
Unloading 12 Unused Serialized files (Serialized files now loaded: 0)
Unloading 12 unused Assets / (21.9 KB). Loaded Objects now: 2133.
Memory consumption went from 38.2 MB to 38.2 MB.
Total: 6.605800 ms (FindLiveObjects: 0.213700 ms CreateObjectMapping: 0.106700 ms MarkObjects: 6.258100 ms  DeleteObjects: 0.025700 ms)

AssetImportParameters requested are different than current active one (requested -> active):
  custom:video-decoder-ogg-theora: a1e56fd34408186e4bbccfd4996cb3dc -> 
  custom:container-muxer-webm: aa71ff27fc2769a1b78a27578f13a17b -> 
  custom:container-demuxer-webm: 4f35f7cbe854078d1ac9338744f61a02 -> 
  custom:video-encoder-webm-vp8: eb34c28f22e8b96e1ab97ce403110664 -> 
  custom:video-codec-MediaFoundation-h265: 746d11721c4dcdbdad8f713fa42b33f4 -> 
  custom:audio-encoder-webm-vorbis: bf7c407c2cedff20999df2af8eb42d56 -> 
  custom:framework-win-MediaFoundation: 216162199b28c13a410421893ffa2e32 -> 
  custom:SearchIndexIgnoredProperties: e643bd26f0fe6173181afceb89e7c659 -> 
  custom:container-demuxer-ogg: 62fdf1f143b41e24485cea50d1cbac27 -> 
  custom:video-decoder-webm-vp8: 9c59270c3fd7afecdb556c50c9e8de78 -> 
  custom:audio-decoder-ogg-vorbis: bf7c407c2cedff20999df2af8eb42d56 -> 
========================================================================
Received Import Request.
  Time since last request: 1088.607558 seconds.
  path: Assets/FreeVegetation-LowPolyNature/FreeVegetation/Materials/Grass_1.mat
  artifactKey: Guid(7e9e3cb396458b84aada10e45759c373) Importer(2089858483,934ff659095e30574adcf32a4c2f97b5)
Start importing Assets/FreeVegetation-LowPolyNature/FreeVegetation/Materials/Grass_1.mat using Guid(7e9e3cb396458b84aada10e45759c373) Importer(2089858483,934ff659095e30574adcf32a4c2f97b5) Generated GUIDs only implemented for interfaces!
 -> (artifact id: '2d495dd475e72131df50f1c453a4b928') in 0.201004 seconds 
========================================================================
Received Import Request.
  Time since last request: 0.000075 seconds.
  path: Assets/FreeVegetation-LowPolyNature/FreeVegetation/Textures/GrassColor.png
  artifactKey: Guid(59b577b39270af04abdc731059ae1a2b) Importer(2089858483,934ff659095e30574adcf32a4c2f97b5)
Start importing Assets/FreeVegetation-LowPolyNature/FreeVegetation/Textures/GrassColor.png using Guid(59b577b39270af04abdc731059ae1a2b) Importer(2089858483,934ff659095e30574adcf32a4c2f97b5) Generated GUIDs only implemented for interfaces!
 -> (artifact id: 'f9ea762c932a9886be432a5bb0444d53') in 0.060997 seconds 
========================================================================
Received Import Request.
  Time since last request: 0.000049 seconds.
  path: Assets/FreeVegetation-LowPolyNature/FreeVegetation/Materials
  artifactKey: Guid(9a5457ce8d0d06042b1f644327c18a99) Importer(2089858483,934ff659095e30574adcf32a4c2f97b5)
Start importing Assets/FreeVegetation-LowPolyNature/FreeVegetation/Materials using Guid(9a5457ce8d0d06042b1f644327c18a99) Importer(2089858483,934ff659095e30574adcf32a4c2f97b5) Generated GUIDs only implemented for interfaces!
 -> (artifact id: '4f4500fb63e6b18f01f85d46a7937e18') in 0.003643 seconds 
========================================================================
Received Import Request.
  Time since last request: 0.000045 seconds.
  path: Assets/FreeVegetation-LowPolyNature/FreeVegetation/Prefabs/Bush_1_2.prefab
  artifactKey: Guid(e8e4c79974d5dd2469bc0c0055921376) Importer(2089858483,934ff659095e30574adcf32a4c2f97b5)
Start importing Assets/FreeVegetation-LowPolyNature/FreeVegetation/Prefabs/Bush_1_2.prefab using Guid(e8e4c79974d5dd2469bc0c0055921376) Importer(2089858483,934ff659095e30574adcf32a4c2f97b5) Generated GUIDs only implemented for interfaces!
 -> (artifact id: '6da045cea2722d614cd3658af8cdbfc3') in 0.015204 seconds 
========================================================================
Received Import Request.
  Time since last request: 0.000031 seconds.
  path: Assets/_TerrainAutoUpgrade
  artifactKey: Guid(3051d0ff9a1122347b501cdf2c7fee73) Importer(2089858483,934ff659095e30574adcf32a4c2f97b5)
Start importing Assets/_TerrainAutoUpgrade using Guid(3051d0ff9a1122347b501cdf2c7fee73) Importer(2089858483,934ff659095e30574adcf32a4c2f97b5) Generated GUIDs only implemented for interfaces!
 -> (artifact id: '2096be509a2719734de14c103ab46264') in 0.003931 seconds 
========================================================================
Received Import Request.
  Time since last request: 0.000045 seconds.
  path: Assets/FreeVegetation-LowPolyNature/Demo
  artifactKey: Guid(4e6ad89b99a96eb49ac086e4ede06ecd) Importer(2089858483,934ff659095e30574adcf32a4c2f97b5)
Start importing Assets/FreeVegetation-LowPolyNature/Demo using Guid(4e6ad89b99a96eb49ac086e4ede06ecd) Importer(2089858483,934ff659095e30574adcf32a4c2f97b5) Generated GUIDs only implemented for interfaces!
 -> (artifact id: '961c8554926032eb938b13dfa8565e07') in 0.004381 seconds 
========================================================================
Received Import Request.
  Time since last request: 0.000043 seconds.
  path: Assets/FreeVegetation-LowPolyNature/FreeVegetation/Prefabs/FallenTree_1_1.prefab
  artifactKey: Guid(c33d23e7dff87c94bbbf8303e2318397) Importer(2089858483,934ff659095e30574adcf32a4c2f97b5)
Start importing Assets/FreeVegetation-LowPolyNature/FreeVegetation/Prefabs/FallenTree_1_1.prefab using Guid(c33d23e7dff87c94bbbf8303e2318397) Importer(2089858483,934ff659095e30574adcf32a4c2f97b5) Generated GUIDs only implemented for interfaces!
 -> (artifact id: '49c2c28d8afcb610dbf89c5ffe630e5c') in 0.006045 seconds 
========================================================================
Received Import Request.
  Time since last request: 0.000056 seconds.
  path: Assets/FreeVegetation-LowPolyNature/FreeVegetation/Prefabs/FallenTree_1_2.prefab
  artifactKey: Guid(7bd8a99d77d246b41b47d6f0958d6e89) Importer(2089858483,934ff659095e30574adcf32a4c2f97b5)
Start importing Assets/FreeVegetation-LowPolyNature/FreeVegetation/Prefabs/FallenTree_1_2.prefab using Guid(7bd8a99d77d246b41b47d6f0958d6e89) Importer(2089858483,934ff659095e30574adcf32a4c2f97b5) Generated GUIDs only implemented for interfaces!
 -> (artifact id: '08bd80f4e7a5dbada79784c6d3f14c6c') in 0.007148 seconds 
========================================================================
Received Import Request.
  Time since last request: 0.000051 seconds.
  path: Assets/FreeVegetation-LowPolyNature/FreeVegetation/Prefabs/Tree_1_1.prefab
  artifactKey: Guid(465cbb465c9880c45887d824bd1f720b) Importer(2089858483,934ff659095e30574adcf32a4c2f97b5)
Start importing Assets/FreeVegetation-LowPolyNature/FreeVegetation/Prefabs/Tree_1_1.prefab using Guid(465cbb465c9880c45887d824bd1f720b) Importer(2089858483,934ff659095e30574adcf32a4c2f97b5) Generated GUIDs only implemented for interfaces!
 -> (artifact id: '12e11a36a613f6b80e67c0180f111a94') in 0.010102 seconds 
========================================================================
Received Import Request.
  Time since last request: 0.000043 seconds.
  path: Assets/FreeVegetation-LowPolyNature/FreeVegetation/Prefabs/Plant_1_1.prefab
  artifactKey: Guid(18e11e0f358c3684abd2b1363d394d68) Importer(2089858483,934ff659095e30574adcf32a4c2f97b5)
Start importing Assets/FreeVegetation-LowPolyNature/FreeVegetation/Prefabs/Plant_1_1.prefab using Guid(18e11e0f358c3684abd2b1363d394d68) Importer(2089858483,934ff659095e30574adcf32a4c2f97b5) Generated GUIDs only implemented for interfaces!
 -> (artifact id: 'bf7d126f1226212bb9b5d7cc32ca0bcb') in 0.005686 seconds 
========================================================================
Received Import Request.
  Time since last request: 0.000043 seconds.
  path: Assets/FreeVegetation-LowPolyNature/FreeVegetation/Prefabs
  artifactKey: Guid(54c2d62876ea875408d05fb5ca09fbf6) Importer(2089858483,934ff659095e30574adcf32a4c2f97b5)
Start importing Assets/FreeVegetation-LowPolyNature/FreeVegetation/Prefabs using Guid(54c2d62876ea875408d05fb5ca09fbf6) Importer(2089858483,934ff659095e30574adcf32a4c2f97b5) Generated GUIDs only implemented for interfaces!
 -> (artifact id: '71c77f229db55f36da26f2c650a4db50') in 0.009442 seconds 
========================================================================
Received Import Request.
  Time since last request: 0.000035 seconds.
  path: Assets/FreeVegetation-LowPolyNature/FreeVegetation/Prefabs/Grass_1_1.prefab
  artifactKey: Guid(2ab833ef86401f8409c0310ffb61631e) Importer(2089858483,934ff659095e30574adcf32a4c2f97b5)
Start importing Assets/FreeVegetation-LowPolyNature/FreeVegetation/Prefabs/Grass_1_1.prefab using Guid(2ab833ef86401f8409c0310ffb61631e) Importer(2089858483,934ff659095e30574adcf32a4c2f97b5) Generated GUIDs only implemented for interfaces!
 -> (artifact id: '10b938076e3b2db74067efaed6479b40') in 0.011202 seconds 
========================================================================
Received Import Request.
  Time since last request: 0.000033 seconds.
  path: Assets/FreeVegetation-LowPolyNature/Demo/TerrainScene.unity
  artifactKey: Guid(a1682599096835f43aeaba8eb03cf65f) Importer(2089858483,934ff659095e30574adcf32a4c2f97b5)
Start importing Assets/FreeVegetation-LowPolyNature/Demo/TerrainScene.unity using Guid(a1682599096835f43aeaba8eb03cf65f) Importer(2089858483,934ff659095e30574adcf32a4c2f97b5) Generated GUIDs only implemented for interfaces!
 -> (artifact id: '73f7b782ee23c39737e44a57e71c9685') in 0.003993 seconds 
========================================================================
Received Import Request.
  Time since last request: 0.000042 seconds.
  path: Assets/FreeVegetation-LowPolyNature/Demo/Terrain.asset
  artifactKey: Guid(b7b0c130a920d7545911531cd6112294) Importer(2089858483,934ff659095e30574adcf32a4c2f97b5)
Start importing Assets/FreeVegetation-LowPolyNature/Demo/Terrain.asset using Guid(b7b0c130a920d7545911531cd6112294) Importer(2089858483,934ff659095e30574adcf32a4c2f97b5) Generated GUIDs only implemented for interfaces!
 -> (artifact id: '75d19ddcbf49d86807795f94001f5389') in 0.017220 seconds 
========================================================================
Received Import Request.
  Time since last request: 93.780685 seconds.
  path: Assets/resource_default/box_a_02.png
  artifactKey: Guid(cdcc1931095dc8544b4ab733bf2b3fde) Importer(2089858483,934ff659095e30574adcf32a4c2f97b5)
Start importing Assets/resource_default/box_a_02.png using Guid(cdcc1931095dc8544b4ab733bf2b3fde) Importer(2089858483,934ff659095e30574adcf32a4c2f97b5) Generated GUIDs only implemented for interfaces!
 -> (artifact id: 'cd28468888b865638c58550c9651503e') in 0.005170 seconds 
========================================================================
Received Import Request.
  Time since last request: 0.000077 seconds.
  path: Assets/resource_default/gage_b_fill03.png
  artifactKey: Guid(52351609d8e630847acd8fd9a9c40c89) Importer(2089858483,934ff659095e30574adcf32a4c2f97b5)
Start importing Assets/resource_default/gage_b_fill03.png using Guid(52351609d8e630847acd8fd9a9c40c89) Importer(2089858483,934ff659095e30574adcf32a4c2f97b5) Generated GUIDs only implemented for interfaces!
 -> (artifact id: 'd6eca4a390bed140231ae02469998eca') in 0.009826 seconds 
========================================================================
Received Import Request.
  Time since last request: 0.000029 seconds.
  path: Assets/resource_default/radio_blank.png
  artifactKey: Guid(cd34ff269b1774d4a914fd2ad1a6f428) Importer(2089858483,934ff659095e30574adcf32a4c2f97b5)
Start importing Assets/resource_default/radio_blank.png using Guid(cd34ff269b1774d4a914fd2ad1a6f428) Importer(2089858483,934ff659095e30574adcf32a4c2f97b5) Generated GUIDs only implemented for interfaces!
 -> (artifact id: '66ca86d000c221b588dd1355b5eead56') in 0.004830 seconds 
========================================================================
Received Import Request.
  Time since last request: 0.000045 seconds.
  path: Assets/resource_default/btn_c_emerald.png
  artifactKey: Guid(7017830725262a140b5d8a3d39a0b11a) Importer(2089858483,934ff659095e30574adcf32a4c2f97b5)
Start importing Assets/resource_default/btn_c_emerald.png using Guid(7017830725262a140b5d8a3d39a0b11a) Importer(2089858483,934ff659095e30574adcf32a4c2f97b5) Generated GUIDs only implemented for interfaces!
 -> (artifact id: '37904beab67eba1509d42a8dc560ce2a') in 0.008203 seconds 
========================================================================
Received Import Request.
  Time since last request: 0.000053 seconds.
  path: Assets/resource_default/innerbox_a_btn.png
  artifactKey: Guid(4dc79b73247092e4ab1b277f39e3f809) Importer(2089858483,934ff659095e30574adcf32a4c2f97b5)
Start importing Assets/resource_default/innerbox_a_btn.png using Guid(4dc79b73247092e4ab1b277f39e3f809) Importer(2089858483,934ff659095e30574adcf32a4c2f97b5) Generated GUIDs only implemented for interfaces!
 -> (artifact id: '44815f7e2d74c761874bc4ae00c3fb5a') in 0.006575 seconds 
========================================================================
Received Import Request.
  Time since last request: 0.000029 seconds.
  path: Assets/resource_default/box_b_04.png
  artifactKey: Guid(47b0b6ed20592d74ba2a6d517e877ad2) Importer(2089858483,934ff659095e30574adcf32a4c2f97b5)
Start importing Assets/resource_default/box_b_04.png using Guid(47b0b6ed20592d74ba2a6d517e877ad2) Importer(2089858483,934ff659095e30574adcf32a4c2f97b5) Generated GUIDs only implemented for interfaces!
 -> (artifact id: '5fa6ab689689bfc14d75bfa4594a328e') in 0.004224 seconds 
========================================================================
Received Import Request.
  Time since last request: 0.000046 seconds.
  path: Assets/resource_default/box_b_02.png
  artifactKey: Guid(4b1885f5416f3c741ac0815952921840) Importer(2089858483,934ff659095e30574adcf32a4c2f97b5)
Start importing Assets/resource_default/box_b_02.png using Guid(4b1885f5416f3c741ac0815952921840) Importer(2089858483,934ff659095e30574adcf32a4c2f97b5) Generated GUIDs only implemented for interfaces!
 -> (artifact id: 'd14539f0693db6a80281fbba84e2bafb') in 0.004996 seconds 
========================================================================
Received Import Request.
  Time since last request: 0.000039 seconds.
  path: Assets/resource_default/btn_c_beige.png
  artifactKey: Guid(9c0068a62e7a92d40824e0b03460035a) Importer(2089858483,934ff659095e30574adcf32a4c2f97b5)
Start importing Assets/resource_default/btn_c_beige.png using Guid(9c0068a62e7a92d40824e0b03460035a) Importer(2089858483,934ff659095e30574adcf32a4c2f97b5) Generated GUIDs only implemented for interfaces!
 -> (artifact id: 'dee2f51b66341f240b94d76b4362daf9') in 0.005131 seconds 
========================================================================
Received Import Request.
  Time since last request: 0.000041 seconds.
  path: Assets/resource_default/gage_b_fill06.png
  artifactKey: Guid(9e2d10e868bfcc2459840cd98bcfde42) Importer(2089858483,934ff659095e30574adcf32a4c2f97b5)
Start importing Assets/resource_default/gage_b_fill06.png using Guid(9e2d10e868bfcc2459840cd98bcfde42) Importer(2089858483,934ff659095e30574adcf32a4c2f97b5) Generated GUIDs only implemented for interfaces!
 -> (artifact id: '3a96658cf95a7d9bb44f1ca4183b91c2') in 0.004274 seconds 
========================================================================
Received Import Request.
  Time since last request: 0.000032 seconds.
  path: Assets/resource_default/btn_b_grey.png
  artifactKey: Guid(d7d480a22b9c1f64bb6d748bf353e45b) Importer(2089858483,934ff659095e30574adcf32a4c2f97b5)
Start importing Assets/resource_default/btn_b_grey.png using Guid(d7d480a22b9c1f64bb6d748bf353e45b) Importer(2089858483,934ff659095e30574adcf32a4c2f97b5) Generated GUIDs only implemented for interfaces!
 -> (artifact id: '9a4fb29cde2d4c7eea6343f0be3fbbc4') in 0.007343 seconds 
========================================================================
Received Import Request.
  Time since last request: 0.000036 seconds.
  path: Assets/resource_default/gage_b_fill04.png
  artifactKey: Guid(74eea1e5ac116724fad3c1971b35589c) Importer(2089858483,934ff659095e30574adcf32a4c2f97b5)
Start importing Assets/resource_default/gage_b_fill04.png using Guid(74eea1e5ac116724fad3c1971b35589c) Importer(2089858483,934ff659095e30574adcf32a4c2f97b5) Generated GUIDs only implemented for interfaces!
 -> (artifact id: '63cacb69a18f464617d5c06bb42f6b68') in 0.005730 seconds 
========================================================================
Received Import Request.
  Time since last request: 0.000034 seconds.
  path: Assets/resource_default/btn_a_grey.png
  artifactKey: Guid(e0b63f1cfe110994ba2ad2de0e5292de) Importer(2089858483,934ff659095e30574adcf32a4c2f97b5)
Start importing Assets/resource_default/btn_a_grey.png using Guid(e0b63f1cfe110994ba2ad2de0e5292de) Importer(2089858483,934ff659095e30574adcf32a4c2f97b5) Generated GUIDs only implemented for interfaces!
 -> (artifact id: '59aa830e28b77eb9a30bb3958c965481') in 0.006359 seconds 
========================================================================
Received Import Request.
  Time since last request: 0.000041 seconds.
  path: Assets/resource_default/gage_b_empty.png
  artifactKey: Guid(f6c1dea84b7a31e4b81d0f719c477e2e) Importer(2089858483,934ff659095e30574adcf32a4c2f97b5)
Start importing Assets/resource_default/gage_b_empty.png using Guid(f6c1dea84b7a31e4b81d0f719c477e2e) Importer(2089858483,934ff659095e30574adcf32a4c2f97b5) Generated GUIDs only implemented for interfaces!
 -> (artifact id: 'f029b42d721923025d7811c4527567d3') in 0.004970 seconds 
========================================================================
Received Import Request.
  Time since last request: 0.000059 seconds.
  path: Assets/resource_default/box_c_04.png
  artifactKey: Guid(03262c876f6187b4f91fe5239e698673) Importer(2089858483,934ff659095e30574adcf32a4c2f97b5)
Start importing Assets/resource_default/box_c_04.png using Guid(03262c876f6187b4f91fe5239e698673) Importer(2089858483,934ff659095e30574adcf32a4c2f97b5) Generated GUIDs only implemented for interfaces!
 -> (artifact id: '5542a345340c0253b7a587be5fb5acb1') in 0.005238 seconds 
========================================================================
Received Import Request.
  Time since last request: 0.000035 seconds.
  path: Assets/resource_default/gage_b_fill07.png
  artifactKey: Guid(3e5237d08b3a99a459942236eb0532f0) Importer(2089858483,934ff659095e30574adcf32a4c2f97b5)
Start importing Assets/resource_default/gage_b_fill07.png using Guid(3e5237d08b3a99a459942236eb0532f0) Importer(2089858483,934ff659095e30574adcf32a4c2f97b5) Generated GUIDs only implemented for interfaces!
 -> (artifact id: '6ef79388b69d89b711082b83832e503b') in 0.006215 seconds 
========================================================================
Received Import Request.
  Time since last request: 0.000044 seconds.
  path: Assets/resource_default/gage_b_fill_progress.png
  artifactKey: Guid(3ce5d913607d46846a0812d1b479e3d5) Importer(2089858483,934ff659095e30574adcf32a4c2f97b5)
Start importing Assets/resource_default/gage_b_fill_progress.png using Guid(3ce5d913607d46846a0812d1b479e3d5) Importer(2089858483,934ff659095e30574adcf32a4c2f97b5) Generated GUIDs only implemented for interfaces!
 -> (artifact id: 'ce818bd0b38ac4141bcf488008855d75') in 0.005837 seconds 
========================================================================
Received Import Request.
  Time since last request: 0.000035 seconds.
  path: Assets/resource_default/btn_b_red.png
  artifactKey: Guid(0a1a18af546cb004db55d57b6559928b) Importer(2089858483,934ff659095e30574adcf32a4c2f97b5)
Start importing Assets/resource_default/btn_b_red.png using Guid(0a1a18af546cb004db55d57b6559928b) Importer(2089858483,934ff659095e30574adcf32a4c2f97b5) Generated GUIDs only implemented for interfaces!
 -> (artifact id: 'a4700da1cb07c732c977536bd6fe0040') in 0.005737 seconds 
========================================================================
Received Import Request.
  Time since last request: 0.000036 seconds.
  path: Assets/resource_default/checkbox_check.png
  artifactKey: Guid(43e17fb59bccf0748b04cccfc220a522) Importer(2089858483,934ff659095e30574adcf32a4c2f97b5)
Start importing Assets/resource_default/checkbox_check.png using Guid(43e17fb59bccf0748b04cccfc220a522) Importer(2089858483,934ff659095e30574adcf32a4c2f97b5) Generated GUIDs only implemented for interfaces!
 -> (artifact id: '6ecb7d20cce9ac560e8fc8e12ec8b235') in 0.004779 seconds 
========================================================================
Received Import Request.
  Time since last request: 0.000042 seconds.
  path: Assets/resource_default/box_b_01.png
  artifactKey: Guid(a4b88956494e64a4a896b1e2e09d76aa) Importer(2089858483,934ff659095e30574adcf32a4c2f97b5)
Start importing Assets/resource_default/box_b_01.png using Guid(a4b88956494e64a4a896b1e2e09d76aa) Importer(2089858483,934ff659095e30574adcf32a4c2f97b5) Generated GUIDs only implemented for interfaces!
 -> (artifact id: '3c2104aa4aaa456610b254e9aef7e1ef') in 0.005221 seconds 
========================================================================
Received Import Request.
  Time since last request: 0.000034 seconds.
  path: Assets/resource_default/btn_c_grey.png
  artifactKey: Guid(6e66bb159c14d844580544244bf0d9d5) Importer(2089858483,934ff659095e30574adcf32a4c2f97b5)
Start importing Assets/resource_default/btn_c_grey.png using Guid(6e66bb159c14d844580544244bf0d9d5) Importer(2089858483,934ff659095e30574adcf32a4c2f97b5) Generated GUIDs only implemented for interfaces!
 -> (artifact id: 'b8c0f242cb061c91272432587b2608b7') in 0.005233 seconds 
========================================================================
Received Import Request.
  Time since last request: 0.000038 seconds.
  path: Assets/resource_default/divider_a.png
  artifactKey: Guid(e460759783bc11a40b0b706688151e1e) Importer(2089858483,934ff659095e30574adcf32a4c2f97b5)
Start importing Assets/resource_default/divider_a.png using Guid(e460759783bc11a40b0b706688151e1e) Importer(2089858483,934ff659095e30574adcf32a4c2f97b5) Generated GUIDs only implemented for interfaces!
 -> (artifact id: '7a5e46bff76252e5a92b8b3ebfea5e68') in 0.007030 seconds 
========================================================================
Received Import Request.
  Time since last request: 0.000029 seconds.
  path: Assets/resource_default/innerbox_a_btn_02.png
  artifactKey: Guid(49eaf0cf4f54e7a4ab865811163498e6) Importer(2089858483,934ff659095e30574adcf32a4c2f97b5)
Start importing Assets/resource_default/innerbox_a_btn_02.png using Guid(49eaf0cf4f54e7a4ab865811163498e6) Importer(2089858483,934ff659095e30574adcf32a4c2f97b5) Generated GUIDs only implemented for interfaces!
 -> (artifact id: 'edbc69d4f894f244fd9714ecb23941f8') in 0.011284 seconds 
========================================================================
Received Import Request.
  Time since last request: 0.000034 seconds.
  path: Assets/resource_default/box_b.png
  artifactKey: Guid(7ff78b329f164464ea5df9a3227b3f0d) Importer(2089858483,934ff659095e30574adcf32a4c2f97b5)
Start importing Assets/resource_default/box_b.png using Guid(7ff78b329f164464ea5df9a3227b3f0d) Importer(2089858483,934ff659095e30574adcf32a4c2f97b5) Generated GUIDs only implemented for interfaces!
 -> (artifact id: 'f154d31c58bc45b275e6d2ac1d5a459a') in 0.014074 seconds 
========================================================================
Received Import Request.
  Time since last request: 0.000031 seconds.
  path: Assets/resource_default/radio_check.png
  artifactKey: Guid(df907ac5977a0d543a06e726893e2c9e) Importer(2089858483,934ff659095e30574adcf32a4c2f97b5)
Start importing Assets/resource_default/radio_check.png using Guid(df907ac5977a0d543a06e726893e2c9e) Importer(2089858483,934ff659095e30574adcf32a4c2f97b5) Generated GUIDs only implemented for interfaces!
 -> (artifact id: '616e1e385c646553b04d3171737394e4') in 0.006478 seconds 
========================================================================
Received Import Request.
  Time since last request: 0.000037 seconds.
  path: Assets/resource_default/innerbox_a_btn_03.png
  artifactKey: Guid(e5436bf6647d2f540b4dc774bf27593e) Importer(2089858483,934ff659095e30574adcf32a4c2f97b5)
Start importing Assets/resource_default/innerbox_a_btn_03.png using Guid(e5436bf6647d2f540b4dc774bf27593e) Importer(2089858483,934ff659095e30574adcf32a4c2f97b5) Generated GUIDs only implemented for interfaces!
 -> (artifact id: 'aa1f17dd864f37643b29dd617b720d4c') in 0.005195 seconds 
========================================================================
Received Import Request.
  Time since last request: 0.000051 seconds.
  path: Assets/resource_default/point_beige.png
  artifactKey: Guid(e73dd9c018a08e74e9e3b6b52eba48b4) Importer(2089858483,934ff659095e30574adcf32a4c2f97b5)
Start importing Assets/resource_default/point_beige.png using Guid(e73dd9c018a08e74e9e3b6b52eba48b4) Importer(2089858483,934ff659095e30574adcf32a4c2f97b5) Generated GUIDs only implemented for interfaces!
 -> (artifact id: '7ae4d22c9d3ae35b26c0109ad38ee9a1') in 0.006149 seconds 
========================================================================
Received Import Request.
  Time since last request: 0.000033 seconds.
  path: Assets/resource_default/btn_b_beige.png
  artifactKey: Guid(57910dcde21e44c48b55d6eb96005e38) Importer(2089858483,934ff659095e30574adcf32a4c2f97b5)
Start importing Assets/resource_default/btn_b_beige.png using Guid(57910dcde21e44c48b55d6eb96005e38) Importer(2089858483,934ff659095e30574adcf32a4c2f97b5) Generated GUIDs only implemented for interfaces!
 -> (artifact id: '7796183fd31a70f512c202e92fd49efb') in 0.004696 seconds 
========================================================================
Received Import Request.
  Time since last request: 0.000066 seconds.
  path: Assets/resource_default/box_a_01.png
  artifactKey: Guid(f7420318a046742439fc1f7e0fb33dc7) Importer(2089858483,934ff659095e30574adcf32a4c2f97b5)
Start importing Assets/resource_default/box_a_01.png using Guid(f7420318a046742439fc1f7e0fb33dc7) Importer(2089858483,934ff659095e30574adcf32a4c2f97b5) Generated GUIDs only implemented for interfaces!
 -> (artifact id: '5c74b36803d0f88c0520cf7d83ec1d16') in 0.005389 seconds 
========================================================================
Received Import Request.
  Time since last request: 264.734842 seconds.
  path: Assets/resource_default/box_a_01.png
  artifactKey: Guid(f7420318a046742439fc1f7e0fb33dc7) Importer(815301076,1909f56bfc062723c751e8b465ee728b)
Start importing Assets/resource_default/box_a_01.png using Guid(f7420318a046742439fc1f7e0fb33dc7) Importer(815301076,1909f56bfc062723c751e8b465ee728b)  -> (artifact id: 'bbca63fb3c5b38a53b5b12e9356cb6e0') in 0.200247 seconds 
========================================================================
Received Import Request.
  Time since last request: 0.000058 seconds.
  path: Assets/resource_default/innerbox_a.png
  artifactKey: Guid(d987d57fd92b64048bbfeee60e636663) Importer(815301076,1909f56bfc062723c751e8b465ee728b)
Start importing Assets/resource_default/innerbox_a.png using Guid(d987d57fd92b64048bbfeee60e636663) Importer(815301076,1909f56bfc062723c751e8b465ee728b)  -> (artifact id: '9a2d16e599feccd3d56f4b0caa0f2046') in 0.014526 seconds 
========================================================================
Received Import Request.
  Time since last request: 0.000061 seconds.
  path: Assets/resource_default/innerbox_a_btn_01.png
  artifactKey: Guid(34d3404d20b7a8245b1fac6e7855b705) Importer(815301076,1909f56bfc062723c751e8b465ee728b)
Start importing Assets/resource_default/innerbox_a_btn_01.png using Guid(34d3404d20b7a8245b1fac6e7855b705) Importer(815301076,1909f56bfc062723c751e8b465ee728b)  -> (artifact id: '040b618584b669bbac7edc98c60c1f9d') in 0.013507 seconds 
========================================================================
Received Import Request.
  Time since last request: 0.000024 seconds.
  path: Assets/resource_default/radio_blank.png
  artifactKey: Guid(cd34ff269b1774d4a914fd2ad1a6f428) Importer(815301076,1909f56bfc062723c751e8b465ee728b)
Start importing Assets/resource_default/radio_blank.png using Guid(cd34ff269b1774d4a914fd2ad1a6f428) Importer(815301076,1909f56bfc062723c751e8b465ee728b)  -> (artifact id: 'f03ae5aaf8675581c9c9a27c2ef1accd') in 0.015555 seconds 
========================================================================
Received Import Request.
  Time since last request: 0.000030 seconds.
  path: Assets/resource_default/icon_arrowdown.png
  artifactKey: Guid(031411cfd15824643a4ccdedb8d36bc2) Importer(815301076,1909f56bfc062723c751e8b465ee728b)
Start importing Assets/resource_default/icon_arrowdown.png using Guid(031411cfd15824643a4ccdedb8d36bc2) Importer(815301076,1909f56bfc062723c751e8b465ee728b)  -> (artifact id: '0e67d32595c2e165917c5bae0c811a27') in 0.017010 seconds 
========================================================================
Received Import Request.
  Time since last request: 0.000046 seconds.
  path: Assets/resource_default/gage_a_empty.png
  artifactKey: Guid(2a7229b8854f44e468f330c2cfe50c8d) Importer(815301076,1909f56bfc062723c751e8b465ee728b)
Start importing Assets/resource_default/gage_a_empty.png using Guid(2a7229b8854f44e468f330c2cfe50c8d) Importer(815301076,1909f56bfc062723c751e8b465ee728b)  -> (artifact id: 'e4f1f0c552e32dbade3d60740df756ed') in 0.013772 seconds 
========================================================================
Received Import Request.
  Time since last request: 0.000040 seconds.
  path: Assets/resource_default/box_a_04.png
  artifactKey: Guid(0b216ed8876b73945ad75ea6feaba010) Importer(815301076,1909f56bfc062723c751e8b465ee728b)
Start importing Assets/resource_default/box_a_04.png using Guid(0b216ed8876b73945ad75ea6feaba010) Importer(815301076,1909f56bfc062723c751e8b465ee728b)  -> (artifact id: '4b08bbacdae8d787bd3149acf6b85352') in 0.034270 seconds 
========================================================================
Received Import Request.
  Time since last request: 0.000030 seconds.
  path: Assets/resource_default/innerbox_a_btn_02.png
  artifactKey: Guid(49eaf0cf4f54e7a4ab865811163498e6) Importer(815301076,1909f56bfc062723c751e8b465ee728b)
Start importing Assets/resource_default/innerbox_a_btn_02.png using Guid(49eaf0cf4f54e7a4ab865811163498e6) Importer(815301076,1909f56bfc062723c751e8b465ee728b)  -> (artifact id: 'd7e8ab5777c5191860800e52c10c4a98') in 0.013512 seconds 
========================================================================
Received Import Request.
  Time since last request: 0.000032 seconds.
  path: Assets/resource_default/innerbox_a_btn.png
  artifactKey: Guid(4dc79b73247092e4ab1b277f39e3f809) Importer(815301076,1909f56bfc062723c751e8b465ee728b)
Start importing Assets/resource_default/innerbox_a_btn.png using Guid(4dc79b73247092e4ab1b277f39e3f809) Importer(815301076,1909f56bfc062723c751e8b465ee728b)  -> (artifact id: '07e6042e047cd65dd6d40a321a176eac') in 0.017267 seconds 
========================================================================
Received Import Request.
  Time since last request: 0.000034 seconds.
  path: Assets/resource_default/box_a_02.png
  artifactKey: Guid(cdcc1931095dc8544b4ab733bf2b3fde) Importer(815301076,1909f56bfc062723c751e8b465ee728b)
Start importing Assets/resource_default/box_a_02.png using Guid(cdcc1931095dc8544b4ab733bf2b3fde) Importer(815301076,1909f56bfc062723c751e8b465ee728b)  -> (artifact id: '97437133a05a6c5210f5cad4ff34e1fa') in 0.014698 seconds 
========================================================================
Received Import Request.
  Time since last request: 0.000024 seconds.
  path: Assets/resource_default/gage_b_fill03.png
  artifactKey: Guid(52351609d8e630847acd8fd9a9c40c89) Importer(815301076,1909f56bfc062723c751e8b465ee728b)
Start importing Assets/resource_default/gage_b_fill03.png using Guid(52351609d8e630847acd8fd9a9c40c89) Importer(815301076,1909f56bfc062723c751e8b465ee728b)  -> (artifact id: 'd49dd3579bcae198d006b35bfca533c1') in 0.012859 seconds 
========================================================================
Received Import Request.
  Time since last request: 0.000033 seconds.
  path: Assets/resource_default/box_c.png
  artifactKey: Guid(7b03ca51eb13fef46ad379e25bc1bb4b) Importer(815301076,1909f56bfc062723c751e8b465ee728b)
Start importing Assets/resource_default/box_c.png using Guid(7b03ca51eb13fef46ad379e25bc1bb4b) Importer(815301076,1909f56bfc062723c751e8b465ee728b)  -> (artifact id: '1c01e31e56d1e8efbb237a399aed36cb') in 0.017091 seconds 
========================================================================
Received Import Request.
  Time since last request: 0.000043 seconds.
  path: Assets/resource_default/gage_b_fill05.png
  artifactKey: Guid(5f800e8c23f52d9439d7929cf06cd922) Importer(815301076,1909f56bfc062723c751e8b465ee728b)
Start importing Assets/resource_default/gage_b_fill05.png using Guid(5f800e8c23f52d9439d7929cf06cd922) Importer(815301076,1909f56bfc062723c751e8b465ee728b)  -> (artifact id: '7b8cc7532dc4296ec02bcc07e18ab4c5') in 0.013058 seconds 
========================================================================
Received Import Request.
  Time since last request: 0.000033 seconds.
  path: Assets/resource_default/box_b.png
  artifactKey: Guid(7ff78b329f164464ea5df9a3227b3f0d) Importer(815301076,1909f56bfc062723c751e8b465ee728b)
Start importing Assets/resource_default/box_b.png using Guid(7ff78b329f164464ea5df9a3227b3f0d) Importer(815301076,1909f56bfc062723c751e8b465ee728b)  -> (artifact id: 'a7ecacdd975ce4b897be4756b3af0d7e') in 0.012150 seconds 
========================================================================
Received Import Request.
  Time since last request: 0.000047 seconds.
  path: Assets/resource_default/btn_a_red.png
  artifactKey: Guid(74976faeb568f074d9f1a4df7ca78d18) Importer(815301076,1909f56bfc062723c751e8b465ee728b)
Start importing Assets/resource_default/btn_a_red.png using Guid(74976faeb568f074d9f1a4df7ca78d18) Importer(815301076,1909f56bfc062723c751e8b465ee728b)  -> (artifact id: 'f8faf8da190c056cc3a662ebf633a0a7') in 0.026059 seconds 
========================================================================
Received Import Request.
  Time since last request: 0.000051 seconds.
  path: Assets/resource_default/gage_b_empty.png
  artifactKey: Guid(f6c1dea84b7a31e4b81d0f719c477e2e) Importer(815301076,1909f56bfc062723c751e8b465ee728b)
Start importing Assets/resource_default/gage_b_empty.png using Guid(f6c1dea84b7a31e4b81d0f719c477e2e) Importer(815301076,1909f56bfc062723c751e8b465ee728b)  -> (artifact id: '20f697e1520a8f7f04c181ac084dd353') in 0.012347 seconds 
========================================================================
Received Import Request.
  Time since last request: 0.000061 seconds.
  path: Assets/resource_default/btn_a_grey.png
  artifactKey: Guid(e0b63f1cfe110994ba2ad2de0e5292de) Importer(815301076,1909f56bfc062723c751e8b465ee728b)
Start importing Assets/resource_default/btn_a_grey.png using Guid(e0b63f1cfe110994ba2ad2de0e5292de) Importer(815301076,1909f56bfc062723c751e8b465ee728b)  -> (artifact id: 'd32519f8c07d443b0ae0a4bd153c9fd0') in 0.019431 seconds 
========================================================================
Received Import Request.
  Time since last request: 0.000034 seconds.
  path: Assets/resource_default/box_c_04.png
  artifactKey: Guid(03262c876f6187b4f91fe5239e698673) Importer(815301076,1909f56bfc062723c751e8b465ee728b)
Start importing Assets/resource_default/box_c_04.png using Guid(03262c876f6187b4f91fe5239e698673) Importer(815301076,1909f56bfc062723c751e8b465ee728b)  -> (artifact id: '0ceb8a2e4acc8924b55db46914f0305e') in 0.028592 seconds 
========================================================================
Received Import Request.
  Time since last request: 0.000029 seconds.
  path: Assets/resource_default/gage_b_fill07.png
  artifactKey: Guid(3e5237d08b3a99a459942236eb0532f0) Importer(815301076,1909f56bfc062723c751e8b465ee728b)
Start importing Assets/resource_default/gage_b_fill07.png using Guid(3e5237d08b3a99a459942236eb0532f0) Importer(815301076,1909f56bfc062723c751e8b465ee728b)  -> (artifact id: '819aa1e861c347a6c50358fdca4deb3d') in 0.012471 seconds 
========================================================================
Received Import Request.
  Time since last request: 0.000030 seconds.
  path: Assets/resource_default/box_b_02.png
  artifactKey: Guid(4b1885f5416f3c741ac0815952921840) Importer(815301076,1909f56bfc062723c751e8b465ee728b)
Start importing Assets/resource_default/box_b_02.png using Guid(4b1885f5416f3c741ac0815952921840) Importer(815301076,1909f56bfc062723c751e8b465ee728b)  -> (artifact id: '13b3f6eabb870527b3684742dffa8e4f') in 0.013017 seconds 
========================================================================
Received Import Request.
  Time since last request: 0.000024 seconds.
  path: Assets/resource_default/box_c_01.png
  artifactKey: Guid(2416bf88655c40c40adc903253fb2ba1) Importer(815301076,1909f56bfc062723c751e8b465ee728b)
Start importing Assets/resource_default/box_c_01.png using Guid(2416bf88655c40c40adc903253fb2ba1) Importer(815301076,1909f56bfc062723c751e8b465ee728b)  -> (artifact id: '3d3f5bb1e379c174d740b08ff0087055') in 0.013243 seconds 
========================================================================
Received Import Request.
  Time since last request: 0.000040 seconds.
  path: Assets/resource_default/innerbox_a_btn_03.png
  artifactKey: Guid(e5436bf6647d2f540b4dc774bf27593e) Importer(815301076,1909f56bfc062723c751e8b465ee728b)
Start importing Assets/resource_default/innerbox_a_btn_03.png using Guid(e5436bf6647d2f540b4dc774bf27593e) Importer(815301076,1909f56bfc062723c751e8b465ee728b)  -> (artifact id: 'd8655431a9c7e99039664a2c905385a0') in 0.011867 seconds 
========================================================================
Received Import Request.
  Time since last request: 0.000035 seconds.
  path: Assets/resource_default/gage_b_fill08.png
  artifactKey: Guid(d40499526caa6e243958c6071f4d5b0f) Importer(815301076,1909f56bfc062723c751e8b465ee728b)
Start importing Assets/resource_default/gage_b_fill08.png using Guid(d40499526caa6e243958c6071f4d5b0f) Importer(815301076,1909f56bfc062723c751e8b465ee728b)  -> (artifact id: '9a80da9b3934b03378f23d30593bfd54') in 0.013005 seconds 
========================================================================
Received Import Request.
  Time since last request: 46.349248 seconds.
  path: Assets/FreeVegetation-LowPolyNature/Effects/Skybox.mat
  artifactKey: Guid(7c0955a843cac66449fb7754cda3fcdb) Importer(815301076,1909f56bfc062723c751e8b465ee728b)
Start importing Assets/FreeVegetation-LowPolyNature/Effects/Skybox.mat using Guid(7c0955a843cac66449fb7754cda3fcdb) Importer(815301076,1909f56bfc062723c751e8b465ee728b)  -> (artifact id: 'e2b5868ccbd557e0a97756d1fd0813d9') in 0.196904 seconds 
========================================================================
Received Import Request.
  Time since last request: 36.344814 seconds.
  path: Assets/FreeVegetation-LowPolyNature/FreeVegetation/Materials/Flower_1.mat
  artifactKey: Guid(283de1beb3aedd045a5a80e606de63c6) Importer(815301076,1909f56bfc062723c751e8b465ee728b)
Start importing Assets/FreeVegetation-LowPolyNature/FreeVegetation/Materials/Flower_1.mat using Guid(283de1beb3aedd045a5a80e606de63c6) Importer(815301076,1909f56bfc062723c751e8b465ee728b)  -> (artifact id: '9575bc8e663b64895b9a8259c1a1b2c1') in 0.456769 seconds 
========================================================================
Received Import Request.
  Time since last request: 28.918067 seconds.
  path: Assets/FreeVegetation-LowPolyNature/FreeVegetation/Prefabs/Bush_1_2.prefab
  artifactKey: Guid(e8e4c79974d5dd2469bc0c0055921376) Importer(815301076,1909f56bfc062723c751e8b465ee728b)
Start importing Assets/FreeVegetation-LowPolyNature/FreeVegetation/Prefabs/Bush_1_2.prefab using Guid(e8e4c79974d5dd2469bc0c0055921376) Importer(815301076,1909f56bfc062723c751e8b465ee728b)  -> (artifact id: '7ca37528dbe3869a6496cb80df3b20ea') in 0.034471 seconds 
========================================================================
Received Import Request.
  Time since last request: 0.000038 seconds.
  path: Assets/FreeVegetation-LowPolyNature/FreeVegetation/Prefabs/Grass_2_1.prefab
  artifactKey: Guid(1ddaf242dd01c744393cf9bd8a9334d1) Importer(815301076,1909f56bfc062723c751e8b465ee728b)
Start importing Assets/FreeVegetation-LowPolyNature/FreeVegetation/Prefabs/Grass_2_1.prefab using Guid(1ddaf242dd01c744393cf9bd8a9334d1) Importer(815301076,1909f56bfc062723c751e8b465ee728b)  -> (artifact id: '1df2e4ac050a0c8eeb97137aa78b7b82') in 0.011906 seconds 
========================================================================
Received Import Request.
  Time since last request: 0.000041 seconds.
  path: Assets/FreeVegetation-LowPolyNature/FreeVegetation/Prefabs/Grass_1_1.prefab
  artifactKey: Guid(2ab833ef86401f8409c0310ffb61631e) Importer(815301076,1909f56bfc062723c751e8b465ee728b)
Start importing Assets/FreeVegetation-LowPolyNature/FreeVegetation/Prefabs/Grass_1_1.prefab using Guid(2ab833ef86401f8409c0310ffb61631e) Importer(815301076,1909f56bfc062723c751e8b465ee728b)  -> (artifact id: 'd3e2e2b18d20f3773fc62fce26e872ac') in 0.012533 seconds 
========================================================================
Received Import Request.
  Time since last request: 0.000026 seconds.
  path: Assets/FreeVegetation-LowPolyNature/FreeVegetation/Prefabs/Plant_1_1.prefab
  artifactKey: Guid(18e11e0f358c3684abd2b1363d394d68) Importer(815301076,1909f56bfc062723c751e8b465ee728b)
Start importing Assets/FreeVegetation-LowPolyNature/FreeVegetation/Prefabs/Plant_1_1.prefab using Guid(18e11e0f358c3684abd2b1363d394d68) Importer(815301076,1909f56bfc062723c751e8b465ee728b)  -> (artifact id: 'db628a3094962828dff4ae889a79f2ea') in 0.012432 seconds 
========================================================================
Received Import Request.
  Time since last request: 0.000033 seconds.
  path: Assets/FreeVegetation-LowPolyNature/FreeVegetation/Prefabs/Tree_1_1.prefab
  artifactKey: Guid(465cbb465c9880c45887d824bd1f720b) Importer(815301076,1909f56bfc062723c751e8b465ee728b)
Start importing Assets/FreeVegetation-LowPolyNature/FreeVegetation/Prefabs/Tree_1_1.prefab using Guid(465cbb465c9880c45887d824bd1f720b) Importer(815301076,1909f56bfc062723c751e8b465ee728b)  -> (artifact id: '6b017bf2e497c8a1b7141e5d8f07e489') in 0.019269 seconds 
========================================================================
Received Import Request.
  Time since last request: 337.804630 seconds.
  path: Assets/FreeVegetation-LowPolyNature/Demo/TerrainSceneSettings.lighting
  artifactKey: Guid(398265113bd07aa41b93a99aee300065) Importer(2089858483,934ff659095e30574adcf32a4c2f97b5)
Start importing Assets/FreeVegetation-LowPolyNature/Demo/TerrainSceneSettings.lighting using Guid(398265113bd07aa41b93a99aee300065) Importer(2089858483,934ff659095e30574adcf32a4c2f97b5) Generated GUIDs only implemented for interfaces!
 -> (artifact id: 'a819ae0f43b22eb6955b98d108221d35') in 0.009651 seconds 
========================================================================
Received Import Request.
  Time since last request: 21.794299 seconds.
  path: Assets/FreeVegetation-LowPolyNature/FreeVegetation/Textures/LowPolyNormal.png
  artifactKey: Guid(82c1b4c112dc0e041bd7f131c1ab9a89) Importer(815301076,1909f56bfc062723c751e8b465ee728b)
Start importing Assets/FreeVegetation-LowPolyNature/FreeVegetation/Textures/LowPolyNormal.png using Guid(82c1b4c112dc0e041bd7f131c1ab9a89) Importer(815301076,1909f56bfc062723c751e8b465ee728b)  -> (artifact id: '184d4ebe538e2d1890cbae28a5afd26d') in 0.020644 seconds 
========================================================================
Received Prepare
Registering precompiled user dll's ...
Registered in 0.004805 seconds.
Begin MonoManager ReloadAssembly
Native extension for WindowsStandalone target not found
Native extension for iOS target not found
Native extension for Android target not found
Native extension for WebGL target not found
Refreshing native plugins compatible for Editor in 0.83 ms, found 2 plugins.
Preloading 0 native plugins for Editor in 0.00 ms.
Mono: successfully reloaded assembly
- Completed reload, in  2.799 seconds
Domain Reload Profiling:
	ReloadAssembly (2800ms)
		BeginReloadAssembly (205ms)
			ExecutionOrderSort (0ms)
			DisableScriptedObjects (10ms)
			BackupInstance (0ms)
			ReleaseScriptingObjects (0ms)
			CreateAndSetChildDomain (59ms)
		EndReloadAssembly (2425ms)
			LoadAssemblies (122ms)
			RebuildTransferFunctionScriptingTraits (0ms)
			SetupTypeCache (1324ms)
			ReleaseScriptCaches (2ms)
			RebuildScriptCaches (125ms)
			SetupLoadedEditorAssemblies (730ms)
				LogAssemblyErrors (0ms)
				InitializePlatformSupportModulesInManaged (81ms)
				SetLoadedEditorAssemblies (2ms)
				RefreshPlugins (1ms)
				BeforeProcessingInitializeOnLoad (105ms)
				ProcessInitializeOnLoadAttributes (467ms)
				ProcessInitializeOnLoadMethodAttributes (66ms)
				AfterProcessingInitializeOnLoad (9ms)
				EditorAssembliesLoaded (0ms)
			ExecutionOrderSort2 (0ms)
			AwakeInstancesAfterBackupRestoration (15ms)
Platform modules already initialized, skipping
Refreshing native plugins compatible for Editor in 3.75 ms, found 2 plugins.
Preloading 0 native plugins for Editor in 0.00 ms.
Unloading 1661 Unused Serialized files (Serialized files now loaded: 0)
Unloading 12 unused Assets / (24.5 KB). Loaded Objects now: 2195.
Memory consumption went from 75.8 MB to 75.8 MB.
Total: 5.251500 ms (FindLiveObjects: 0.320300 ms CreateObjectMapping: 0.141600 ms MarkObjects: 4.762500 ms  DeleteObjects: 0.025400 ms)

AssetImportParameters requested are different than current active one (requested -> active):
  custom:video-decoder-ogg-theora: a1e56fd34408186e4bbccfd4996cb3dc -> 
  custom:container-muxer-webm: aa71ff27fc2769a1b78a27578f13a17b -> 
  custom:container-demuxer-webm: 4f35f7cbe854078d1ac9338744f61a02 -> 
  custom:video-encoder-webm-vp8: eb34c28f22e8b96e1ab97ce403110664 -> 
  custom:video-codec-MediaFoundation-h265: 746d11721c4dcdbdad8f713fa42b33f4 -> 
  custom:audio-encoder-webm-vorbis: bf7c407c2cedff20999df2af8eb42d56 -> 
  custom:framework-win-MediaFoundation: 216162199b28c13a410421893ffa2e32 -> 
  custom:SearchIndexIgnoredProperties: e643bd26f0fe6173181afceb89e7c659 -> 
  custom:container-demuxer-ogg: 62fdf1f143b41e24485cea50d1cbac27 -> 
  custom:video-decoder-webm-vp8: 9c59270c3fd7afecdb556c50c9e8de78 -> 
  custom:audio-decoder-ogg-vorbis: bf7c407c2cedff20999df2af8eb42d56 -> 
========================================================================
Received Import Request.
  Time since last request: 846.739958 seconds.
  path: Assets/DogKnight/Prefab/DogPolyart.prefab
  artifactKey: Guid(45288819fde2143449a96207b14db0bb) Importer(815301076,1909f56bfc062723c751e8b465ee728b)
Start importing Assets/DogKnight/Prefab/DogPolyart.prefab using Guid(45288819fde2143449a96207b14db0bb) Importer(815301076,1909f56bfc062723c751e8b465ee728b)  -> (artifact id: '65a502c4fa27bad445b8c9531f7403a1') in 0.237681 seconds 
========================================================================
Received Import Request.
  Time since last request: 221.977208 seconds.
  path: Assets/FreeVegetation-LowPolyNature/FreeVegetation/Textures/Ground_2.mat
  artifactKey: Guid(ea37e10b9ed202041b58923458e3ba4f) Importer(815301076,1909f56bfc062723c751e8b465ee728b)
Start importing Assets/FreeVegetation-LowPolyNature/FreeVegetation/Textures/Ground_2.mat using Guid(ea37e10b9ed202041b58923458e3ba4f) Importer(815301076,1909f56bfc062723c751e8b465ee728b)  -> (artifact id: 'f3f161c0315625543966452b3cf54795') in 0.035233 seconds 
========================================================================
Received Prepare
Registering precompiled user dll's ...
Registered in 0.004365 seconds.
Begin MonoManager ReloadAssembly
Native extension for WindowsStandalone target not found
Native extension for iOS target not found
Native extension for Android target not found
Native extension for WebGL target not found
Refreshing native plugins compatible for Editor in 1.81 ms, found 2 plugins.
Preloading 0 native plugins for Editor in 0.00 ms.
Mono: successfully reloaded assembly
- Completed reload, in  2.534 seconds
Domain Reload Profiling:
	ReloadAssembly (2535ms)
		BeginReloadAssembly (217ms)
			ExecutionOrderSort (0ms)
			DisableScriptedObjects (9ms)
			BackupInstance (0ms)
			ReleaseScriptingObjects (0ms)
			CreateAndSetChildDomain (55ms)
		EndReloadAssembly (2109ms)
			LoadAssemblies (148ms)
			RebuildTransferFunctionScriptingTraits (0ms)
			SetupTypeCache (353ms)
			ReleaseScriptCaches (2ms)
			RebuildScriptCaches (89ms)
			SetupLoadedEditorAssemblies (1194ms)
				LogAssemblyErrors (0ms)
				InitializePlatformSupportModulesInManaged (239ms)
				SetLoadedEditorAssemblies (6ms)
				RefreshPlugins (2ms)
				BeforeProcessingInitializeOnLoad (419ms)
				ProcessInitializeOnLoadAttributes (458ms)
				ProcessInitializeOnLoadMethodAttributes (64ms)
				AfterProcessingInitializeOnLoad (7ms)
				EditorAssembliesLoaded (0ms)
			ExecutionOrderSort2 (0ms)
			AwakeInstancesAfterBackupRestoration (15ms)
Platform modules already initialized, skipping
Refreshing native plugins compatible for Editor in 2.96 ms, found 2 plugins.
Preloading 0 native plugins for Editor in 0.00 ms.
Unloading 1661 Unused Serialized files (Serialized files now loaded: 0)
Unloading 13 unused Assets / (25.3 KB). Loaded Objects now: 2199.
Memory consumption went from 88.5 MB to 88.4 MB.
Total: 5.616200 ms (FindLiveObjects: 0.231100 ms CreateObjectMapping: 0.159200 ms MarkObjects: 5.195300 ms  DeleteObjects: 0.029000 ms)

AssetImportParameters requested are different than current active one (requested -> active):
  custom:video-decoder-ogg-theora: a1e56fd34408186e4bbccfd4996cb3dc -> 
  custom:container-muxer-webm: aa71ff27fc2769a1b78a27578f13a17b -> 
  custom:container-demuxer-webm: 4f35f7cbe854078d1ac9338744f61a02 -> 
  custom:video-encoder-webm-vp8: eb34c28f22e8b96e1ab97ce403110664 -> 
  custom:video-codec-MediaFoundation-h265: 746d11721c4dcdbdad8f713fa42b33f4 -> 
  custom:audio-encoder-webm-vorbis: bf7c407c2cedff20999df2af8eb42d56 -> 
  custom:framework-win-MediaFoundation: 216162199b28c13a410421893ffa2e32 -> 
  custom:SearchIndexIgnoredProperties: e643bd26f0fe6173181afceb89e7c659 -> 
  custom:container-demuxer-ogg: 62fdf1f143b41e24485cea50d1cbac27 -> 
  custom:video-decoder-webm-vp8: 9c59270c3fd7afecdb556c50c9e8de78 -> 
  custom:audio-decoder-ogg-vorbis: bf7c407c2cedff20999df2af8eb42d56 -> 
========================================================================
Received Import Request.
  Time since last request: 668.227720 seconds.
  path: Assets/FreeVegetation-LowPolyNature/FreeVegetation/Textures/Ground_1 1.mat
  artifactKey: Guid(b8f1ef26079409148a5d93fe66165847) Importer(815301076,1909f56bfc062723c751e8b465ee728b)
Start importing Assets/FreeVegetation-LowPolyNature/FreeVegetation/Textures/Ground_1 1.mat using Guid(b8f1ef26079409148a5d93fe66165847) Importer(815301076,1909f56bfc062723c751e8b465ee728b)  -> (artifact id: '74ad00ac19ec51fc750d18ed1d998afb') in 0.544811 seconds 
========================================================================
Received Import Request.
  Time since last request: 0.000040 seconds.
  path: Assets/FreeVegetation-LowPolyNature/FreeVegetation/Textures/Ground_1.mat
  artifactKey: Guid(21e3113709a049f4dbca8d32a4a5bcaf) Importer(815301076,1909f56bfc062723c751e8b465ee728b)
Start importing Assets/FreeVegetation-LowPolyNature/FreeVegetation/Textures/Ground_1.mat using Guid(21e3113709a049f4dbca8d32a4a5bcaf) Importer(815301076,1909f56bfc062723c751e8b465ee728b)  -> (artifact id: '2e0622e45d4cc06b6cf3eccec9118d90') in 0.011428 seconds 
========================================================================
Received Import Request.
  Time since last request: 167.575889 seconds.
  path: Assets/FreeVegetation-LowPolyNature/FreeVegetation/Textures/Ground_3.mat
  artifactKey: Guid(b8f1ef26079409148a5d93fe66165847) Importer(815301076,1909f56bfc062723c751e8b465ee728b)
Start importing Assets/FreeVegetation-LowPolyNature/FreeVegetation/Textures/Ground_3.mat using Guid(b8f1ef26079409148a5d93fe66165847) Importer(815301076,1909f56bfc062723c751e8b465ee728b)  -> (artifact id: 'a4615bae61762df93acd42195bea06ee') in 0.014261 seconds 
========================================================================
Received Prepare
Registering precompiled user dll's ...
Registered in 0.005212 seconds.
Begin MonoManager ReloadAssembly
Native extension for WindowsStandalone target not found
Native extension for iOS target not found
Native extension for Android target not found
Native extension for WebGL target not found
Refreshing native plugins compatible for Editor in 0.89 ms, found 2 plugins.
Preloading 0 native plugins for Editor in 0.00 ms.
Mono: successfully reloaded assembly
- Completed reload, in  2.515 seconds
Domain Reload Profiling:
	ReloadAssembly (2516ms)
		BeginReloadAssembly (197ms)
			ExecutionOrderSort (0ms)
			DisableScriptedObjects (6ms)
			BackupInstance (0ms)
			ReleaseScriptingObjects (0ms)
			CreateAndSetChildDomain (52ms)
		EndReloadAssembly (2144ms)
			LoadAssemblies (119ms)
			RebuildTransferFunctionScriptingTraits (0ms)
			SetupTypeCache (1146ms)
			ReleaseScriptCaches (2ms)
			RebuildScriptCaches (96ms)
			SetupLoadedEditorAssemblies (657ms)
				LogAssemblyErrors (0ms)
				InitializePlatformSupportModulesInManaged (68ms)
				SetLoadedEditorAssemblies (1ms)
				RefreshPlugins (1ms)
				BeforeProcessingInitializeOnLoad (101ms)
				ProcessInitializeOnLoadAttributes (422ms)
				ProcessInitializeOnLoadMethodAttributes (57ms)
				AfterProcessingInitializeOnLoad (6ms)
				EditorAssembliesLoaded (0ms)
			ExecutionOrderSort2 (0ms)
			AwakeInstancesAfterBackupRestoration (17ms)
Platform modules already initialized, skipping
Refreshing native plugins compatible for Editor in 1.73 ms, found 2 plugins.
Preloading 0 native plugins for Editor in 0.00 ms.
Unloading 1661 Unused Serialized files (Serialized files now loaded: 0)
Unloading 12 unused Assets / (24.6 KB). Loaded Objects now: 2202.
Memory consumption went from 88.5 MB to 88.4 MB.
Total: 5.234700 ms (FindLiveObjects: 0.189000 ms CreateObjectMapping: 0.078000 ms MarkObjects: 4.940800 ms  DeleteObjects: 0.025200 ms)

AssetImportParameters requested are different than current active one (requested -> active):
  custom:video-decoder-ogg-theora: a1e56fd34408186e4bbccfd4996cb3dc -> 
  custom:container-muxer-webm: aa71ff27fc2769a1b78a27578f13a17b -> 
  custom:container-demuxer-webm: 4f35f7cbe854078d1ac9338744f61a02 -> 
  custom:video-encoder-webm-vp8: eb34c28f22e8b96e1ab97ce403110664 -> 
  custom:video-codec-MediaFoundation-h265: 746d11721c4dcdbdad8f713fa42b33f4 -> 
  custom:audio-encoder-webm-vorbis: bf7c407c2cedff20999df2af8eb42d56 -> 
  custom:framework-win-MediaFoundation: 216162199b28c13a410421893ffa2e32 -> 
  custom:SearchIndexIgnoredProperties: e643bd26f0fe6173181afceb89e7c659 -> 
  custom:container-demuxer-ogg: 62fdf1f143b41e24485cea50d1cbac27 -> 
  custom:video-decoder-webm-vp8: 9c59270c3fd7afecdb556c50c9e8de78 -> 
  custom:audio-decoder-ogg-vorbis: bf7c407c2cedff20999df2af8eb42d56 -> 
========================================================================
Received Prepare
Registering precompiled user dll's ...
Registered in 0.004377 seconds.
Begin MonoManager ReloadAssembly
Native extension for WindowsStandalone target not found
Native extension for iOS target not found
Native extension for Android target not found
Native extension for WebGL target not found
Refreshing native plugins compatible for Editor in 0.66 ms, found 2 plugins.
Preloading 0 native plugins for Editor in 0.00 ms.
Mono: successfully reloaded assembly
- Completed reload, in  2.542 seconds
Domain Reload Profiling:
	ReloadAssembly (2543ms)
		BeginReloadAssembly (211ms)
			ExecutionOrderSort (0ms)
			DisableScriptedObjects (12ms)
			BackupInstance (0ms)
			ReleaseScriptingObjects (0ms)
			CreateAndSetChildDomain (48ms)
		EndReloadAssembly (2152ms)
			LoadAssemblies (133ms)
			RebuildTransferFunctionScriptingTraits (0ms)
			SetupTypeCache (395ms)
			ReleaseScriptCaches (2ms)
			RebuildScriptCaches (104ms)
			SetupLoadedEditorAssemblies (1424ms)
				LogAssemblyErrors (0ms)
				InitializePlatformSupportModulesInManaged (65ms)
				SetLoadedEditorAssemblies (1ms)
				RefreshPlugins (1ms)
				BeforeProcessingInitializeOnLoad (98ms)
				ProcessInitializeOnLoadAttributes (1196ms)
				ProcessInitializeOnLoadMethodAttributes (56ms)
				AfterProcessingInitializeOnLoad (7ms)
				EditorAssembliesLoaded (1ms)
			ExecutionOrderSort2 (0ms)
			AwakeInstancesAfterBackupRestoration (14ms)
Platform modules already initialized, skipping
Refreshing native plugins compatible for Editor in 2.04 ms, found 2 plugins.
Preloading 0 native plugins for Editor in 0.00 ms.
Unloading 1661 Unused Serialized files (Serialized files now loaded: 0)
Unloading 12 unused Assets / (24.6 KB). Loaded Objects now: 2205.
Memory consumption went from 88.5 MB to 88.5 MB.
Total: 6.634300 ms (FindLiveObjects: 0.224000 ms CreateObjectMapping: 0.193700 ms MarkObjects: 6.180400 ms  DeleteObjects: 0.034500 ms)

AssetImportParameters requested are different than current active one (requested -> active):
  custom:video-decoder-ogg-theora: a1e56fd34408186e4bbccfd4996cb3dc -> 
  custom:container-muxer-webm: aa71ff27fc2769a1b78a27578f13a17b -> 
  custom:container-demuxer-webm: 4f35f7cbe854078d1ac9338744f61a02 -> 
  custom:video-encoder-webm-vp8: eb34c28f22e8b96e1ab97ce403110664 -> 
  custom:video-codec-MediaFoundation-h265: 746d11721c4dcdbdad8f713fa42b33f4 -> 
  custom:audio-encoder-webm-vorbis: bf7c407c2cedff20999df2af8eb42d56 -> 
  custom:framework-win-MediaFoundation: 216162199b28c13a410421893ffa2e32 -> 
  custom:SearchIndexIgnoredProperties: e643bd26f0fe6173181afceb89e7c659 -> 
  custom:container-demuxer-ogg: 62fdf1f143b41e24485cea50d1cbac27 -> 
  custom:video-decoder-webm-vp8: 9c59270c3fd7afecdb556c50c9e8de78 -> 
  custom:audio-decoder-ogg-vorbis: bf7c407c2cedff20999df2af8eb42d56 -> 
